{"C:\\projetos\\gerencimento-cursos-front-2.0\\src\\components\\ui\\alert-dialog.tsx": {"path":"C:\\projetos\\gerencimento-cursos-front-2.0\\src\\components\\ui\\alert-dialog.tsx","statementMap":{"0":{"start":{"line":7,"column":20},"end":{"line":7,"column":null}},"1":{"start":{"line":9,"column":27},"end":{"line":9,"column":null}},"2":{"start":{"line":11,"column":26},"end":{"line":11,"column":null}},"3":{"start":{"line":13,"column":27},"end":{"line":25,"column":null}},"4":{"start":{"line":17,"column":2},"end":{"line":24,"column":null}},"5":{"start":{"line":26,"column":0},"end":{"line":26,"column":null}},"6":{"start":{"line":28,"column":27},"end":{"line":43,"column":null}},"7":{"start":{"line":32,"column":2},"end":{"line":42,"column":null}},"8":{"start":{"line":44,"column":0},"end":{"line":44,"column":null}},"9":{"start":{"line":46,"column":26},"end":{"line":56,"column":null}},"10":{"start":{"line":50,"column":2},"end":{"line":56,"column":null}},"11":{"start":{"line":58,"column":0},"end":{"line":58,"column":null}},"12":{"start":{"line":60,"column":26},"end":{"line":70,"column":null}},"13":{"start":{"line":64,"column":2},"end":{"line":70,"column":null}},"14":{"start":{"line":72,"column":0},"end":{"line":72,"column":null}},"15":{"start":{"line":74,"column":25},"end":{"line":83,"column":null}},"16":{"start":{"line":78,"column":2},"end":{"line":82,"column":null}},"17":{"start":{"line":84,"column":0},"end":{"line":84,"column":null}},"18":{"start":{"line":86,"column":31},"end":{"line":95,"column":null}},"19":{"start":{"line":90,"column":2},"end":{"line":94,"column":null}},"20":{"start":{"line":96,"column":0},"end":{"line":97,"column":null}},"21":{"start":{"line":99,"column":26},"end":{"line":108,"column":null}},"22":{"start":{"line":103,"column":2},"end":{"line":107,"column":null}},"23":{"start":{"line":109,"column":0},"end":{"line":109,"column":null}},"24":{"start":{"line":111,"column":26},"end":{"line":124,"column":null}},"25":{"start":{"line":115,"column":2},"end":{"line":123,"column":null}},"26":{"start":{"line":125,"column":0},"end":{"line":125,"column":null}}},"fnMap":{"0":{"name":"(anonymous_0)","decl":{"start":{"line":16,"column":2},"end":{"line":16,"column":3}},"loc":{"start":{"line":17,"column":2},"end":{"line":24,"column":null}},"line":17},"1":{"name":"(anonymous_1)","decl":{"start":{"line":31,"column":2},"end":{"line":31,"column":3}},"loc":{"start":{"line":32,"column":2},"end":{"line":42,"column":null}},"line":32},"2":{"name":"(anonymous_2)","decl":{"start":{"line":46,"column":26},"end":{"line":46,"column":27}},"loc":{"start":{"line":50,"column":2},"end":{"line":56,"column":null}},"line":50},"3":{"name":"(anonymous_3)","decl":{"start":{"line":60,"column":26},"end":{"line":60,"column":27}},"loc":{"start":{"line":64,"column":2},"end":{"line":70,"column":null}},"line":64},"4":{"name":"(anonymous_4)","decl":{"start":{"line":77,"column":2},"end":{"line":77,"column":3}},"loc":{"start":{"line":78,"column":2},"end":{"line":82,"column":null}},"line":78},"5":{"name":"(anonymous_5)","decl":{"start":{"line":89,"column":2},"end":{"line":89,"column":3}},"loc":{"start":{"line":90,"column":2},"end":{"line":94,"column":null}},"line":90},"6":{"name":"(anonymous_6)","decl":{"start":{"line":102,"column":2},"end":{"line":102,"column":3}},"loc":{"start":{"line":103,"column":2},"end":{"line":107,"column":null}},"line":103},"7":{"name":"(anonymous_7)","decl":{"start":{"line":114,"column":2},"end":{"line":114,"column":3}},"loc":{"start":{"line":115,"column":2},"end":{"line":123,"column":null}},"line":115}},"branchMap":{},"s":{"0":2,"1":2,"2":2,"3":2,"4":2,"5":2,"6":2,"7":110,"8":2,"9":2,"10":1,"11":2,"12":2,"13":1,"14":2,"15":2,"16":1,"17":2,"18":2,"19":1,"20":2,"21":2,"22":1,"23":2,"24":2,"25":1,"26":2},"f":{"0":2,"1":110,"2":1,"3":1,"4":1,"5":1,"6":1,"7":1},"b":{},"meta":{"lastBranch":0,"lastFunction":8,"lastStatement":27,"seen":{"s:7:20:7:Infinity":0,"s:9:27:9:Infinity":1,"s:11:26:11:Infinity":2,"s:13:27:25:Infinity":3,"f:16:2:16:3":0,"s:17:2:24:Infinity":4,"s:26:0:26:Infinity":5,"s:28:27:43:Infinity":6,"f:31:2:31:3":1,"s:32:2:42:Infinity":7,"s:44:0:44:Infinity":8,"s:46:26:56:Infinity":9,"f:46:26:46:27":2,"s:50:2:56:Infinity":10,"s:58:0:58:Infinity":11,"s:60:26:70:Infinity":12,"f:60:26:60:27":3,"s:64:2:70:Infinity":13,"s:72:0:72:Infinity":14,"s:74:25:83:Infinity":15,"f:77:2:77:3":4,"s:78:2:82:Infinity":16,"s:84:0:84:Infinity":17,"s:86:31:95:Infinity":18,"f:89:2:89:3":5,"s:90:2:94:Infinity":19,"s:96:0:97:Infinity":20,"s:99:26:108:Infinity":21,"f:102:2:102:3":6,"s:103:2:107:Infinity":22,"s:109:0:109:Infinity":23,"s:111:26:124:Infinity":24,"f:114:2:114:3":7,"s:115:2:123:Infinity":25,"s:125:0:125:Infinity":26}}}
,"C:\\projetos\\gerencimento-cursos-front-2.0\\src\\components\\ui\\badge.tsx": {"path":"C:\\projetos\\gerencimento-cursos-front-2.0\\src\\components\\ui\\badge.tsx","statementMap":{"0":{"start":{"line":6,"column":6},"end":{"line":24,"column":null}},"1":{"start":{"line":31,"column":2},"end":{"line":32,"column":null}}},"fnMap":{"0":{"name":"Badge","decl":{"start":{"line":30,"column":9},"end":{"line":30,"column":15}},"loc":{"start":{"line":30,"column":61},"end":{"line":34,"column":null}},"line":30}},"branchMap":{},"s":{"0":3,"1":198},"f":{"0":198},"b":{},"meta":{"lastBranch":0,"lastFunction":1,"lastStatement":2,"seen":{"s:6:6:24:Infinity":0,"f:30:9:30:15":0,"s:31:2:32:Infinity":1}}}
,"C:\\projetos\\gerencimento-cursos-front-2.0\\src\\components\\ui\\button.tsx": {"path":"C:\\projetos\\gerencimento-cursos-front-2.0\\src\\components\\ui\\button.tsx","statementMap":{"0":{"start":{"line":7,"column":6},"end":{"line":35,"column":null}},"1":{"start":{"line":43,"column":15},"end":{"line":54,"column":null}},"2":{"start":{"line":45,"column":17},"end":{"line":45,"column":null}},"3":{"start":{"line":46,"column":4},"end":{"line":51,"column":null}},"4":{"start":{"line":55,"column":0},"end":{"line":55,"column":null}}},"fnMap":{"0":{"name":"(anonymous_0)","decl":{"start":{"line":44,"column":2},"end":{"line":44,"column":3}},"loc":{"start":{"line":44,"column":68},"end":{"line":53,"column":null}},"line":44}},"branchMap":{"0":{"loc":{"start":{"line":44,"column":31},"end":{"line":44,"column":48}},"type":"default-arg","locations":[{"start":{"line":44,"column":41},"end":{"line":44,"column":48}}],"line":44},"1":{"loc":{"start":{"line":45,"column":17},"end":{"line":45,"column":null}},"type":"cond-expr","locations":[{"start":{"line":45,"column":27},"end":{"line":45,"column":34}},{"start":{"line":45,"column":34},"end":{"line":45,"column":null}}],"line":45}},"s":{"0":3,"1":3,"2":700,"3":700,"4":3},"f":{"0":700},"b":{"0":[700],"1":[0,700]},"meta":{"lastBranch":2,"lastFunction":1,"lastStatement":5,"seen":{"s:7:6:35:Infinity":0,"s:43:15:54:Infinity":1,"f:44:2:44:3":0,"b:44:41:44:48":0,"s:45:17:45:Infinity":2,"b:45:27:45:34:45:34:45:Infinity":1,"s:46:4:51:Infinity":3,"s:55:0:55:Infinity":4}}}
,"C:\\projetos\\gerencimento-cursos-front-2.0\\src\\components\\ui\\card.tsx": {"path":"C:\\projetos\\gerencimento-cursos-front-2.0\\src\\components\\ui\\card.tsx","statementMap":{"0":{"start":{"line":5,"column":13},"end":{"line":17,"column":null}},"1":{"start":{"line":9,"column":2},"end":{"line":16,"column":null}},"2":{"start":{"line":18,"column":0},"end":{"line":18,"column":null}},"3":{"start":{"line":20,"column":19},"end":{"line":29,"column":null}},"4":{"start":{"line":24,"column":2},"end":{"line":28,"column":null}},"5":{"start":{"line":30,"column":0},"end":{"line":30,"column":null}},"6":{"start":{"line":32,"column":18},"end":{"line":41,"column":null}},"7":{"start":{"line":36,"column":2},"end":{"line":40,"column":null}},"8":{"start":{"line":42,"column":0},"end":{"line":42,"column":null}},"9":{"start":{"line":44,"column":24},"end":{"line":53,"column":null}},"10":{"start":{"line":48,"column":2},"end":{"line":52,"column":null}},"11":{"start":{"line":54,"column":0},"end":{"line":54,"column":null}},"12":{"start":{"line":56,"column":20},"end":{"line":61,"column":null}},"13":{"start":{"line":60,"column":2},"end":{"line":60,"column":null}},"14":{"start":{"line":62,"column":0},"end":{"line":62,"column":null}},"15":{"start":{"line":64,"column":19},"end":{"line":73,"column":null}},"16":{"start":{"line":68,"column":2},"end":{"line":72,"column":null}},"17":{"start":{"line":74,"column":0},"end":{"line":74,"column":null}}},"fnMap":{"0":{"name":"(anonymous_0)","decl":{"start":{"line":8,"column":2},"end":{"line":8,"column":3}},"loc":{"start":{"line":9,"column":2},"end":{"line":16,"column":null}},"line":9},"1":{"name":"(anonymous_1)","decl":{"start":{"line":23,"column":2},"end":{"line":23,"column":3}},"loc":{"start":{"line":24,"column":2},"end":{"line":28,"column":null}},"line":24},"2":{"name":"(anonymous_2)","decl":{"start":{"line":35,"column":2},"end":{"line":35,"column":3}},"loc":{"start":{"line":36,"column":2},"end":{"line":40,"column":null}},"line":36},"3":{"name":"(anonymous_3)","decl":{"start":{"line":47,"column":2},"end":{"line":47,"column":3}},"loc":{"start":{"line":48,"column":2},"end":{"line":52,"column":null}},"line":48},"4":{"name":"(anonymous_4)","decl":{"start":{"line":59,"column":2},"end":{"line":59,"column":3}},"loc":{"start":{"line":60,"column":2},"end":{"line":60,"column":null}},"line":60},"5":{"name":"(anonymous_5)","decl":{"start":{"line":67,"column":2},"end":{"line":67,"column":3}},"loc":{"start":{"line":68,"column":2},"end":{"line":72,"column":null}},"line":68}},"branchMap":{},"s":{"0":4,"1":182,"2":4,"3":4,"4":182,"5":4,"6":4,"7":182,"8":4,"9":4,"10":130,"11":4,"12":4,"13":182,"14":4,"15":4,"16":0,"17":4},"f":{"0":182,"1":182,"2":182,"3":130,"4":182,"5":0},"b":{},"meta":{"lastBranch":0,"lastFunction":6,"lastStatement":18,"seen":{"s:5:13:17:Infinity":0,"f:8:2:8:3":0,"s:9:2:16:Infinity":1,"s:18:0:18:Infinity":2,"s:20:19:29:Infinity":3,"f:23:2:23:3":1,"s:24:2:28:Infinity":4,"s:30:0:30:Infinity":5,"s:32:18:41:Infinity":6,"f:35:2:35:3":2,"s:36:2:40:Infinity":7,"s:42:0:42:Infinity":8,"s:44:24:53:Infinity":9,"f:47:2:47:3":3,"s:48:2:52:Infinity":10,"s:54:0:54:Infinity":11,"s:56:20:61:Infinity":12,"f:59:2:59:3":4,"s:60:2:60:Infinity":13,"s:62:0:62:Infinity":14,"s:64:19:73:Infinity":15,"f:67:2:67:3":5,"s:68:2:72:Infinity":16,"s:74:0:74:Infinity":17}}}
,"C:\\projetos\\gerencimento-cursos-front-2.0\\src\\components\\ui\\confirm-dialog.tsx": {"path":"C:\\projetos\\gerencimento-cursos-front-2.0\\src\\components\\ui\\confirm-dialog.tsx","statementMap":{"0":{"start":{"line":33,"column":2},"end":{"line":50,"column":null}}},"fnMap":{"0":{"name":"ConfirmDialog","decl":{"start":{"line":23,"column":16},"end":{"line":23,"column":30}},"loc":{"start":{"line":32,"column":23},"end":{"line":52,"column":null}},"line":32}},"branchMap":{"0":{"loc":{"start":{"line":29,"column":2},"end":{"line":29,"column":null}},"type":"default-arg","locations":[{"start":{"line":29,"column":16},"end":{"line":29,"column":null}}],"line":29},"1":{"loc":{"start":{"line":30,"column":2},"end":{"line":30,"column":null}},"type":"default-arg","locations":[{"start":{"line":30,"column":15},"end":{"line":30,"column":null}}],"line":30},"2":{"loc":{"start":{"line":31,"column":2},"end":{"line":31,"column":null}},"type":"default-arg","locations":[{"start":{"line":31,"column":12},"end":{"line":31,"column":null}}],"line":31},"3":{"loc":{"start":{"line":44,"column":23},"end":{"line":44,"column":null}},"type":"cond-expr","locations":[{"start":{"line":44,"column":51},"end":{"line":44,"column":83}},{"start":{"line":44,"column":83},"end":{"line":44,"column":null}}],"line":44}},"s":{"0":110},"f":{"0":110},"b":{"0":[110],"1":[110],"2":[110],"3":[110,0]},"meta":{"lastBranch":4,"lastFunction":1,"lastStatement":1,"seen":{"f:23:16:23:30":0,"b:29:16:29:Infinity":0,"b:30:15:30:Infinity":1,"b:31:12:31:Infinity":2,"s:33:2:50:Infinity":0,"b:44:51:44:83:44:83:44:Infinity":3}}}
,"C:\\projetos\\gerencimento-cursos-front-2.0\\src\\components\\ui\\dialog.tsx": {"path":"C:\\projetos\\gerencimento-cursos-front-2.0\\src\\components\\ui\\dialog.tsx","statementMap":{"0":{"start":{"line":7,"column":15},"end":{"line":7,"column":null}},"1":{"start":{"line":9,"column":22},"end":{"line":9,"column":null}},"2":{"start":{"line":11,"column":21},"end":{"line":11,"column":null}},"3":{"start":{"line":13,"column":20},"end":{"line":13,"column":null}},"4":{"start":{"line":15,"column":22},"end":{"line":27,"column":null}},"5":{"start":{"line":19,"column":2},"end":{"line":26,"column":null}},"6":{"start":{"line":28,"column":0},"end":{"line":28,"column":null}},"7":{"start":{"line":30,"column":22},"end":{"line":51,"column":null}},"8":{"start":{"line":34,"column":2},"end":{"line":50,"column":null}},"9":{"start":{"line":52,"column":0},"end":{"line":52,"column":null}},"10":{"start":{"line":54,"column":21},"end":{"line":64,"column":null}},"11":{"start":{"line":58,"column":2},"end":{"line":64,"column":null}},"12":{"start":{"line":66,"column":0},"end":{"line":66,"column":null}},"13":{"start":{"line":68,"column":21},"end":{"line":78,"column":null}},"14":{"start":{"line":72,"column":2},"end":{"line":78,"column":null}},"15":{"start":{"line":80,"column":0},"end":{"line":80,"column":null}},"16":{"start":{"line":82,"column":20},"end":{"line":94,"column":null}},"17":{"start":{"line":86,"column":2},"end":{"line":93,"column":null}},"18":{"start":{"line":95,"column":0},"end":{"line":95,"column":null}},"19":{"start":{"line":97,"column":26},"end":{"line":106,"column":null}},"20":{"start":{"line":101,"column":2},"end":{"line":105,"column":null}},"21":{"start":{"line":107,"column":0},"end":{"line":107,"column":null}}},"fnMap":{"0":{"name":"(anonymous_0)","decl":{"start":{"line":18,"column":2},"end":{"line":18,"column":3}},"loc":{"start":{"line":19,"column":2},"end":{"line":26,"column":null}},"line":19},"1":{"name":"(anonymous_1)","decl":{"start":{"line":33,"column":2},"end":{"line":33,"column":3}},"loc":{"start":{"line":34,"column":2},"end":{"line":50,"column":null}},"line":34},"2":{"name":"(anonymous_2)","decl":{"start":{"line":54,"column":21},"end":{"line":54,"column":22}},"loc":{"start":{"line":58,"column":2},"end":{"line":64,"column":null}},"line":58},"3":{"name":"(anonymous_3)","decl":{"start":{"line":68,"column":21},"end":{"line":68,"column":22}},"loc":{"start":{"line":72,"column":2},"end":{"line":78,"column":null}},"line":72},"4":{"name":"(anonymous_4)","decl":{"start":{"line":85,"column":2},"end":{"line":85,"column":3}},"loc":{"start":{"line":86,"column":2},"end":{"line":93,"column":null}},"line":86},"5":{"name":"(anonymous_5)","decl":{"start":{"line":100,"column":2},"end":{"line":100,"column":3}},"loc":{"start":{"line":101,"column":2},"end":{"line":105,"column":null}},"line":101}},"branchMap":{},"s":{"0":3,"1":3,"2":3,"3":3,"4":3,"5":99,"6":3,"7":3,"8":122,"9":3,"10":3,"11":91,"12":3,"13":3,"14":0,"15":3,"16":3,"17":91,"18":3,"19":3,"20":91,"21":3},"f":{"0":99,"1":122,"2":91,"3":0,"4":91,"5":91},"b":{},"meta":{"lastBranch":0,"lastFunction":6,"lastStatement":22,"seen":{"s:7:15:7:Infinity":0,"s:9:22:9:Infinity":1,"s:11:21:11:Infinity":2,"s:13:20:13:Infinity":3,"s:15:22:27:Infinity":4,"f:18:2:18:3":0,"s:19:2:26:Infinity":5,"s:28:0:28:Infinity":6,"s:30:22:51:Infinity":7,"f:33:2:33:3":1,"s:34:2:50:Infinity":8,"s:52:0:52:Infinity":9,"s:54:21:64:Infinity":10,"f:54:21:54:22":2,"s:58:2:64:Infinity":11,"s:66:0:66:Infinity":12,"s:68:21:78:Infinity":13,"f:68:21:68:22":3,"s:72:2:78:Infinity":14,"s:80:0:80:Infinity":15,"s:82:20:94:Infinity":16,"f:85:2:85:3":4,"s:86:2:93:Infinity":17,"s:95:0:95:Infinity":18,"s:97:26:106:Infinity":19,"f:100:2:100:3":5,"s:101:2:105:Infinity":20,"s:107:0:107:Infinity":21}}}
,"C:\\projetos\\gerencimento-cursos-front-2.0\\src\\components\\ui\\input.tsx": {"path":"C:\\projetos\\gerencimento-cursos-front-2.0\\src\\components\\ui\\input.tsx","statementMap":{"0":{"start":{"line":5,"column":14},"end":{"line":19,"column":null}},"1":{"start":{"line":7,"column":4},"end":{"line":16,"column":null}},"2":{"start":{"line":20,"column":0},"end":{"line":20,"column":null}}},"fnMap":{"0":{"name":"(anonymous_0)","decl":{"start":{"line":6,"column":2},"end":{"line":6,"column":3}},"loc":{"start":{"line":6,"column":42},"end":{"line":18,"column":null}},"line":6}},"branchMap":{},"s":{"0":2,"1":235,"2":2},"f":{"0":235},"b":{},"meta":{"lastBranch":0,"lastFunction":1,"lastStatement":3,"seen":{"s:5:14:19:Infinity":0,"f:6:2:6:3":0,"s:7:4:16:Infinity":1,"s:20:0:20:Infinity":2}}}
,"C:\\projetos\\gerencimento-cursos-front-2.0\\src\\components\\ui\\label.tsx": {"path":"C:\\projetos\\gerencimento-cursos-front-2.0\\src\\components\\ui\\label.tsx","statementMap":{"0":{"start":{"line":7,"column":6},"end":{"line":9,"column":null}},"1":{"start":{"line":11,"column":14},"end":{"line":21,"column":null}},"2":{"start":{"line":16,"column":2},"end":{"line":20,"column":null}},"3":{"start":{"line":22,"column":0},"end":{"line":22,"column":null}}},"fnMap":{"0":{"name":"(anonymous_0)","decl":{"start":{"line":15,"column":2},"end":{"line":15,"column":3}},"loc":{"start":{"line":16,"column":2},"end":{"line":20,"column":null}},"line":16}},"branchMap":{},"s":{"0":3,"1":3,"2":251,"3":3},"f":{"0":251},"b":{},"meta":{"lastBranch":0,"lastFunction":1,"lastStatement":4,"seen":{"s:7:6:9:Infinity":0,"s:11:14:21:Infinity":1,"f:15:2:15:3":0,"s:16:2:20:Infinity":2,"s:22:0:22:Infinity":3}}}
,"C:\\projetos\\gerencimento-cursos-front-2.0\\src\\components\\ui\\select.tsx": {"path":"C:\\projetos\\gerencimento-cursos-front-2.0\\src\\components\\ui\\select.tsx","statementMap":{"0":{"start":{"line":7,"column":15},"end":{"line":7,"column":null}},"1":{"start":{"line":9,"column":20},"end":{"line":9,"column":null}},"2":{"start":{"line":11,"column":20},"end":{"line":11,"column":null}},"3":{"start":{"line":13,"column":22},"end":{"line":30,"column":null}},"4":{"start":{"line":17,"column":2},"end":{"line":29,"column":null}},"5":{"start":{"line":31,"column":0},"end":{"line":31,"column":null}},"6":{"start":{"line":33,"column":29},"end":{"line":47,"column":null}},"7":{"start":{"line":37,"column":2},"end":{"line":46,"column":null}},"8":{"start":{"line":48,"column":0},"end":{"line":48,"column":null}},"9":{"start":{"line":50,"column":31},"end":{"line":64,"column":null}},"10":{"start":{"line":54,"column":2},"end":{"line":63,"column":null}},"11":{"start":{"line":65,"column":0},"end":{"line":66,"column":null}},"12":{"start":{"line":68,"column":22},"end":{"line":97,"column":null}},"13":{"start":{"line":72,"column":2},"end":{"line":96,"column":null}},"14":{"start":{"line":98,"column":0},"end":{"line":98,"column":null}},"15":{"start":{"line":100,"column":20},"end":{"line":109,"column":null}},"16":{"start":{"line":104,"column":2},"end":{"line":108,"column":null}},"17":{"start":{"line":110,"column":0},"end":{"line":110,"column":null}},"18":{"start":{"line":112,"column":19},"end":{"line":131,"column":null}},"19":{"start":{"line":116,"column":2},"end":{"line":130,"column":null}},"20":{"start":{"line":132,"column":0},"end":{"line":132,"column":null}},"21":{"start":{"line":134,"column":24},"end":{"line":143,"column":null}},"22":{"start":{"line":138,"column":2},"end":{"line":142,"column":null}},"23":{"start":{"line":144,"column":0},"end":{"line":144,"column":null}}},"fnMap":{"0":{"name":"(anonymous_0)","decl":{"start":{"line":16,"column":2},"end":{"line":16,"column":3}},"loc":{"start":{"line":17,"column":2},"end":{"line":29,"column":null}},"line":17},"1":{"name":"(anonymous_1)","decl":{"start":{"line":36,"column":2},"end":{"line":36,"column":3}},"loc":{"start":{"line":37,"column":2},"end":{"line":46,"column":null}},"line":37},"2":{"name":"(anonymous_2)","decl":{"start":{"line":53,"column":2},"end":{"line":53,"column":3}},"loc":{"start":{"line":54,"column":2},"end":{"line":63,"column":null}},"line":54},"3":{"name":"(anonymous_3)","decl":{"start":{"line":71,"column":2},"end":{"line":71,"column":3}},"loc":{"start":{"line":72,"column":2},"end":{"line":96,"column":null}},"line":72},"4":{"name":"(anonymous_4)","decl":{"start":{"line":103,"column":2},"end":{"line":103,"column":3}},"loc":{"start":{"line":104,"column":2},"end":{"line":108,"column":null}},"line":104},"5":{"name":"(anonymous_5)","decl":{"start":{"line":115,"column":2},"end":{"line":115,"column":3}},"loc":{"start":{"line":116,"column":2},"end":{"line":130,"column":null}},"line":116},"6":{"name":"(anonymous_6)","decl":{"start":{"line":137,"column":2},"end":{"line":137,"column":3}},"loc":{"start":{"line":138,"column":2},"end":{"line":142,"column":null}},"line":138}},"branchMap":{"0":{"loc":{"start":{"line":71,"column":26},"end":{"line":71,"column":47}},"type":"default-arg","locations":[{"start":{"line":71,"column":37},"end":{"line":71,"column":47}}],"line":71},"1":{"loc":{"start":{"line":77,"column":8},"end":{"line":78,"column":null}},"type":"binary-expr","locations":[{"start":{"line":77,"column":8},"end":{"line":77,"column":null}},{"start":{"line":78,"column":10},"end":{"line":78,"column":null}}],"line":77},"2":{"loc":{"start":{"line":88,"column":10},"end":{"line":89,"column":null}},"type":"binary-expr","locations":[{"start":{"line":88,"column":10},"end":{"line":88,"column":null}},{"start":{"line":89,"column":12},"end":{"line":89,"column":null}}],"line":88}},"s":{"0":1,"1":1,"2":1,"3":1,"4":16,"5":1,"6":1,"7":16,"8":1,"9":1,"10":16,"11":1,"12":1,"13":16,"14":1,"15":1,"16":0,"17":1,"18":1,"19":10,"20":1,"21":1,"22":0,"23":1},"f":{"0":16,"1":16,"2":16,"3":16,"4":0,"5":10,"6":0},"b":{"0":[16],"1":[16,16],"2":[16,16]},"meta":{"lastBranch":3,"lastFunction":7,"lastStatement":24,"seen":{"s:7:15:7:Infinity":0,"s:9:20:9:Infinity":1,"s:11:20:11:Infinity":2,"s:13:22:30:Infinity":3,"f:16:2:16:3":0,"s:17:2:29:Infinity":4,"s:31:0:31:Infinity":5,"s:33:29:47:Infinity":6,"f:36:2:36:3":1,"s:37:2:46:Infinity":7,"s:48:0:48:Infinity":8,"s:50:31:64:Infinity":9,"f:53:2:53:3":2,"s:54:2:63:Infinity":10,"s:65:0:66:Infinity":11,"s:68:22:97:Infinity":12,"f:71:2:71:3":3,"s:72:2:96:Infinity":13,"b:71:37:71:47":0,"b:77:8:77:Infinity:78:10:78:Infinity":1,"b:88:10:88:Infinity:89:12:89:Infinity":2,"s:98:0:98:Infinity":14,"s:100:20:109:Infinity":15,"f:103:2:103:3":4,"s:104:2:108:Infinity":16,"s:110:0:110:Infinity":17,"s:112:19:131:Infinity":18,"f:115:2:115:3":5,"s:116:2:130:Infinity":19,"s:132:0:132:Infinity":20,"s:134:24:143:Infinity":21,"f:137:2:137:3":6,"s:138:2:142:Infinity":22,"s:144:0:144:Infinity":23}}}
,"C:\\projetos\\gerencimento-cursos-front-2.0\\src\\components\\ui\\table.tsx": {"path":"C:\\projetos\\gerencimento-cursos-front-2.0\\src\\components\\ui\\table.tsx","statementMap":{"0":{"start":{"line":5,"column":14},"end":{"line":16,"column":null}},"1":{"start":{"line":9,"column":2},"end":{"line":15,"column":null}},"2":{"start":{"line":17,"column":0},"end":{"line":17,"column":null}},"3":{"start":{"line":19,"column":20},"end":{"line":24,"column":null}},"4":{"start":{"line":23,"column":2},"end":{"line":23,"column":null}},"5":{"start":{"line":25,"column":0},"end":{"line":25,"column":null}},"6":{"start":{"line":27,"column":18},"end":{"line":36,"column":null}},"7":{"start":{"line":31,"column":2},"end":{"line":35,"column":null}},"8":{"start":{"line":37,"column":0},"end":{"line":37,"column":null}},"9":{"start":{"line":39,"column":20},"end":{"line":51,"column":null}},"10":{"start":{"line":43,"column":2},"end":{"line":50,"column":null}},"11":{"start":{"line":52,"column":0},"end":{"line":52,"column":null}},"12":{"start":{"line":54,"column":17},"end":{"line":66,"column":null}},"13":{"start":{"line":58,"column":2},"end":{"line":65,"column":null}},"14":{"start":{"line":67,"column":0},"end":{"line":67,"column":null}},"15":{"start":{"line":69,"column":18},"end":{"line":81,"column":null}},"16":{"start":{"line":73,"column":2},"end":{"line":80,"column":null}},"17":{"start":{"line":82,"column":0},"end":{"line":82,"column":null}},"18":{"start":{"line":84,"column":18},"end":{"line":96,"column":null}},"19":{"start":{"line":88,"column":2},"end":{"line":95,"column":null}},"20":{"start":{"line":97,"column":0},"end":{"line":97,"column":null}},"21":{"start":{"line":99,"column":21},"end":{"line":108,"column":null}},"22":{"start":{"line":103,"column":2},"end":{"line":107,"column":null}},"23":{"start":{"line":109,"column":0},"end":{"line":109,"column":null}}},"fnMap":{"0":{"name":"(anonymous_0)","decl":{"start":{"line":8,"column":2},"end":{"line":8,"column":3}},"loc":{"start":{"line":9,"column":2},"end":{"line":15,"column":null}},"line":9},"1":{"name":"(anonymous_1)","decl":{"start":{"line":22,"column":2},"end":{"line":22,"column":3}},"loc":{"start":{"line":23,"column":2},"end":{"line":23,"column":null}},"line":23},"2":{"name":"(anonymous_2)","decl":{"start":{"line":30,"column":2},"end":{"line":30,"column":3}},"loc":{"start":{"line":31,"column":2},"end":{"line":35,"column":null}},"line":31},"3":{"name":"(anonymous_3)","decl":{"start":{"line":42,"column":2},"end":{"line":42,"column":3}},"loc":{"start":{"line":43,"column":2},"end":{"line":50,"column":null}},"line":43},"4":{"name":"(anonymous_4)","decl":{"start":{"line":57,"column":2},"end":{"line":57,"column":3}},"loc":{"start":{"line":58,"column":2},"end":{"line":65,"column":null}},"line":58},"5":{"name":"(anonymous_5)","decl":{"start":{"line":72,"column":2},"end":{"line":72,"column":3}},"loc":{"start":{"line":73,"column":2},"end":{"line":80,"column":null}},"line":73},"6":{"name":"(anonymous_6)","decl":{"start":{"line":87,"column":2},"end":{"line":87,"column":3}},"loc":{"start":{"line":88,"column":2},"end":{"line":95,"column":null}},"line":88},"7":{"name":"(anonymous_7)","decl":{"start":{"line":102,"column":2},"end":{"line":102,"column":3}},"loc":{"start":{"line":103,"column":2},"end":{"line":107,"column":null}},"line":103}},"branchMap":{},"s":{"0":3,"1":99,"2":3,"3":3,"4":99,"5":3,"6":3,"7":99,"8":3,"9":3,"10":0,"11":3,"12":3,"13":297,"14":3,"15":3,"16":458,"17":3,"18":3,"19":916,"20":3,"21":3,"22":0,"23":3},"f":{"0":99,"1":99,"2":99,"3":0,"4":297,"5":458,"6":916,"7":0},"b":{},"meta":{"lastBranch":0,"lastFunction":8,"lastStatement":24,"seen":{"s:5:14:16:Infinity":0,"f:8:2:8:3":0,"s:9:2:15:Infinity":1,"s:17:0:17:Infinity":2,"s:19:20:24:Infinity":3,"f:22:2:22:3":1,"s:23:2:23:Infinity":4,"s:25:0:25:Infinity":5,"s:27:18:36:Infinity":6,"f:30:2:30:3":2,"s:31:2:35:Infinity":7,"s:37:0:37:Infinity":8,"s:39:20:51:Infinity":9,"f:42:2:42:3":3,"s:43:2:50:Infinity":10,"s:52:0:52:Infinity":11,"s:54:17:66:Infinity":12,"f:57:2:57:3":4,"s:58:2:65:Infinity":13,"s:67:0:67:Infinity":14,"s:69:18:81:Infinity":15,"f:72:2:72:3":5,"s:73:2:80:Infinity":16,"s:82:0:82:Infinity":17,"s:84:18:96:Infinity":18,"f:87:2:87:3":6,"s:88:2:95:Infinity":19,"s:97:0:97:Infinity":20,"s:99:21:108:Infinity":21,"f:102:2:102:3":7,"s:103:2:107:Infinity":22,"s:109:0:109:Infinity":23}}}
,"C:\\projetos\\gerencimento-cursos-front-2.0\\src\\lib\\utils.ts": {"path":"C:\\projetos\\gerencimento-cursos-front-2.0\\src\\lib\\utils.ts","statementMap":{"0":{"start":{"line":5,"column":2},"end":{"line":5,"column":null}}},"fnMap":{"0":{"name":"cn","decl":{"start":{"line":4,"column":16},"end":{"line":4,"column":22}},"loc":{"start":{"line":4,"column":44},"end":{"line":6,"column":null}},"line":4}},"branchMap":{},"s":{"0":4912},"f":{"0":4912},"b":{},"meta":{"lastBranch":0,"lastFunction":1,"lastStatement":1,"seen":{"f:4:16:4:22":0,"s:5:2:5:Infinity":0}}}
,"C:\\projetos\\gerencimento-cursos-front-2.0\\src\\pages\\AlunosPage.tsx": {"path":"C:\\projetos\\gerencimento-cursos-front-2.0\\src\\pages\\AlunosPage.tsx","statementMap":{"0":{"start":{"line":15,"column":26},"end":{"line":15,"column":null}},"1":{"start":{"line":16,"column":28},"end":{"line":16,"column":null}},"2":{"start":{"line":17,"column":30},"end":{"line":17,"column":null}},"3":{"start":{"line":18,"column":38},"end":{"line":18,"column":null}},"4":{"start":{"line":19,"column":30},"end":{"line":19,"column":null}},"5":{"start":{"line":20,"column":38},"end":{"line":20,"column":null}},"6":{"start":{"line":21,"column":16},"end":{"line":21,"column":null}},"7":{"start":{"line":23,"column":22},"end":{"line":37,"column":null}},"8":{"start":{"line":24,"column":4},"end":{"line":36,"column":null}},"9":{"start":{"line":25,"column":6},"end":{"line":25,"column":null}},"10":{"start":{"line":26,"column":23},"end":{"line":26,"column":null}},"11":{"start":{"line":27,"column":6},"end":{"line":27,"column":null}},"12":{"start":{"line":29,"column":6},"end":{"line":33,"column":null}},"13":{"start":{"line":35,"column":6},"end":{"line":35,"column":null}},"14":{"start":{"line":39,"column":2},"end":{"line":41,"column":null}},"15":{"start":{"line":40,"column":4},"end":{"line":40,"column":null}},"16":{"start":{"line":43,"column":23},"end":{"line":77,"column":null}},"17":{"start":{"line":44,"column":4},"end":{"line":44,"column":null}},"18":{"start":{"line":45,"column":4},"end":{"line":76,"column":null}},"19":{"start":{"line":46,"column":6},"end":{"line":58,"column":null}},"20":{"start":{"line":47,"column":8},"end":{"line":47,"column":null}},"21":{"start":{"line":48,"column":8},"end":{"line":51,"column":null}},"22":{"start":{"line":53,"column":8},"end":{"line":53,"column":null}},"23":{"start":{"line":54,"column":8},"end":{"line":57,"column":null}},"24":{"start":{"line":59,"column":6},"end":{"line":59,"column":null}},"25":{"start":{"line":60,"column":6},"end":{"line":60,"column":null}},"26":{"start":{"line":62,"column":25},"end":{"line":62,"column":null}},"27":{"start":{"line":64,"column":6},"end":{"line":69,"column":null}},"28":{"start":{"line":66,"column":8},"end":{"line":66,"column":null}},"29":{"start":{"line":67,"column":6},"end":{"line":69,"column":null}},"30":{"start":{"line":68,"column":8},"end":{"line":68,"column":null}},"31":{"start":{"line":71,"column":6},"end":{"line":75,"column":null}},"32":{"start":{"line":79,"column":28},"end":{"line":81,"column":null}},"33":{"start":{"line":80,"column":4},"end":{"line":80,"column":null}},"34":{"start":{"line":83,"column":30},"end":{"line":102,"column":null}},"35":{"start":{"line":84,"column":4},"end":{"line":84,"column":null}},"36":{"start":{"line":84,"column":29},"end":{"line":84,"column":null}},"37":{"start":{"line":86,"column":4},"end":{"line":101,"column":null}},"38":{"start":{"line":87,"column":6},"end":{"line":87,"column":null}},"39":{"start":{"line":88,"column":6},"end":{"line":91,"column":null}},"40":{"start":{"line":92,"column":6},"end":{"line":92,"column":null}},"41":{"start":{"line":94,"column":6},"end":{"line":98,"column":null}},"42":{"start":{"line":100,"column":6},"end":{"line":100,"column":null}},"43":{"start":{"line":104,"column":21},"end":{"line":112,"column":null}},"44":{"start":{"line":105,"column":4},"end":{"line":105,"column":null}},"45":{"start":{"line":106,"column":4},"end":{"line":110,"column":null}},"46":{"start":{"line":111,"column":4},"end":{"line":111,"column":null}},"47":{"start":{"line":114,"column":20},"end":{"line":118,"column":null}},"48":{"start":{"line":115,"column":4},"end":{"line":115,"column":null}},"49":{"start":{"line":116,"column":4},"end":{"line":116,"column":null}},"50":{"start":{"line":117,"column":4},"end":{"line":117,"column":null}},"51":{"start":{"line":120,"column":21},"end":{"line":122,"column":null}},"52":{"start":{"line":121,"column":4},"end":{"line":121,"column":null}},"53":{"start":{"line":124,"column":2},"end":{"line":270,"column":null}},"54":{"start":{"line":131,"column":31},"end":{"line":131,"column":50}},"55":{"start":{"line":152,"column":35},"end":{"line":152,"column":null}},"56":{"start":{"line":162,"column":35},"end":{"line":162,"column":null}},"57":{"start":{"line":172,"column":35},"end":{"line":172,"column":null}},"58":{"start":{"line":216,"column":18},"end":{"line":252,"column":null}},"59":{"start":{"line":239,"column":41},"end":{"line":239,"column":null}},"60":{"start":{"line":246,"column":41},"end":{"line":246,"column":null}},"61":{"start":{"line":262,"column":32},"end":{"line":262,"column":null}}},"fnMap":{"0":{"name":"AlunosPage","decl":{"start":{"line":14,"column":16},"end":{"line":14,"column":29}},"loc":{"start":{"line":14,"column":29},"end":{"line":272,"column":null}},"line":14},"1":{"name":"(anonymous_1)","decl":{"start":{"line":23,"column":22},"end":{"line":23,"column":34}},"loc":{"start":{"line":23,"column":34},"end":{"line":37,"column":null}},"line":23},"2":{"name":"(anonymous_2)","decl":{"start":{"line":39,"column":12},"end":{"line":39,"column":18}},"loc":{"start":{"line":39,"column":18},"end":{"line":41,"column":5}},"line":39},"3":{"name":"(anonymous_3)","decl":{"start":{"line":43,"column":23},"end":{"line":43,"column":30}},"loc":{"start":{"line":43,"column":53},"end":{"line":77,"column":null}},"line":43},"4":{"name":"(anonymous_4)","decl":{"start":{"line":79,"column":28},"end":{"line":79,"column":29}},"loc":{"start":{"line":79,"column":46},"end":{"line":81,"column":null}},"line":79},"5":{"name":"(anonymous_5)","decl":{"start":{"line":83,"column":30},"end":{"line":83,"column":42}},"loc":{"start":{"line":83,"column":42},"end":{"line":102,"column":null}},"line":83},"6":{"name":"(anonymous_6)","decl":{"start":{"line":104,"column":21},"end":{"line":104,"column":22}},"loc":{"start":{"line":104,"column":39},"end":{"line":112,"column":null}},"line":104},"7":{"name":"(anonymous_7)","decl":{"start":{"line":114,"column":20},"end":{"line":114,"column":26}},"loc":{"start":{"line":114,"column":26},"end":{"line":118,"column":null}},"line":114},"8":{"name":"(anonymous_8)","decl":{"start":{"line":120,"column":21},"end":{"line":120,"column":22}},"loc":{"start":{"line":120,"column":45},"end":{"line":122,"column":null}},"line":120},"9":{"name":"(anonymous_9)","decl":{"start":{"line":131,"column":25},"end":{"line":131,"column":31}},"loc":{"start":{"line":131,"column":31},"end":{"line":131,"column":50}},"line":131},"10":{"name":"(anonymous_10)","decl":{"start":{"line":152,"column":28},"end":{"line":152,"column":29}},"loc":{"start":{"line":152,"column":35},"end":{"line":152,"column":null}},"line":152},"11":{"name":"(anonymous_11)","decl":{"start":{"line":162,"column":28},"end":{"line":162,"column":29}},"loc":{"start":{"line":162,"column":35},"end":{"line":162,"column":null}},"line":162},"12":{"name":"(anonymous_12)","decl":{"start":{"line":172,"column":28},"end":{"line":172,"column":29}},"loc":{"start":{"line":172,"column":35},"end":{"line":172,"column":null}},"line":172},"13":{"name":"(anonymous_13)","decl":{"start":{"line":215,"column":28},"end":{"line":215,"column":29}},"loc":{"start":{"line":216,"column":18},"end":{"line":252,"column":null}},"line":216},"14":{"name":"(anonymous_14)","decl":{"start":{"line":239,"column":35},"end":{"line":239,"column":41}},"loc":{"start":{"line":239,"column":41},"end":{"line":239,"column":null}},"line":239},"15":{"name":"(anonymous_15)","decl":{"start":{"line":246,"column":35},"end":{"line":246,"column":41}},"loc":{"start":{"line":246,"column":41},"end":{"line":246,"column":null}},"line":246},"16":{"name":"(anonymous_16)","decl":{"start":{"line":262,"column":22},"end":{"line":262,"column":23}},"loc":{"start":{"line":262,"column":32},"end":{"line":262,"column":null}},"line":262}},"branchMap":{"0":{"loc":{"start":{"line":46,"column":6},"end":{"line":58,"column":null}},"type":"if","locations":[{"start":{"line":46,"column":6},"end":{"line":58,"column":null}},{"start":{"line":52,"column":13},"end":{"line":58,"column":null}}],"line":46},"1":{"loc":{"start":{"line":64,"column":6},"end":{"line":69,"column":null}},"type":"if","locations":[{"start":{"line":64,"column":6},"end":{"line":69,"column":null}},{"start":{"line":67,"column":6},"end":{"line":69,"column":null}}],"line":64},"2":{"loc":{"start":{"line":67,"column":6},"end":{"line":69,"column":null}},"type":"if","locations":[{"start":{"line":67,"column":6},"end":{"line":69,"column":null}},{"start":{},"end":{}}],"line":67},"3":{"loc":{"start":{"line":84,"column":4},"end":{"line":84,"column":null}},"type":"if","locations":[{"start":{"line":84,"column":4},"end":{"line":84,"column":null}},{"start":{},"end":{}}],"line":84},"4":{"loc":{"start":{"line":140,"column":26},"end":{"line":140,"column":71}},"type":"cond-expr","locations":[{"start":{"line":140,"column":41},"end":{"line":140,"column":58}},{"start":{"line":140,"column":58},"end":{"line":140,"column":71}}],"line":140},"5":{"loc":{"start":{"line":142,"column":15},"end":{"line":142,"column":null}},"type":"cond-expr","locations":[{"start":{"line":142,"column":30},"end":{"line":142,"column":67}},{"start":{"line":142,"column":67},"end":{"line":142,"column":null}}],"line":142},"6":{"loc":{"start":{"line":180,"column":17},"end":{"line":180,"column":58}},"type":"cond-expr","locations":[{"start":{"line":180,"column":32},"end":{"line":180,"column":46}},{"start":{"line":180,"column":46},"end":{"line":180,"column":58}}],"line":180},"7":{"loc":{"start":{"line":201,"column":11},"end":{"line":255,"column":null}},"type":"cond-expr","locations":[{"start":{"line":202,"column":12},"end":{"line":202,"column":null}},{"start":{"line":204,"column":12},"end":{"line":255,"column":null}}],"line":201}},"s":{"0":68,"1":68,"2":68,"3":68,"4":68,"5":68,"6":68,"7":68,"8":7,"9":7,"10":7,"11":7,"12":0,"13":7,"14":68,"15":6,"16":68,"17":2,"18":2,"19":2,"20":0,"21":0,"22":2,"23":1,"24":1,"25":1,"26":1,"27":1,"28":1,"29":0,"30":0,"31":1,"32":68,"33":0,"34":68,"35":0,"36":0,"37":0,"38":0,"39":0,"40":0,"41":0,"42":0,"43":68,"44":0,"45":0,"46":0,"47":68,"48":1,"49":1,"50":1,"51":68,"52":124,"53":68,"54":4,"55":21,"56":29,"57":2,"58":124,"59":0,"60":0,"61":0},"f":{"0":68,"1":7,"2":6,"3":2,"4":0,"5":0,"6":0,"7":1,"8":124,"9":4,"10":21,"11":29,"12":2,"13":124,"14":0,"15":0,"16":0},"b":{"0":[0,2],"1":[1,0],"2":[0,0],"3":[0,0],"4":[0,68],"5":[0,68],"6":[0,68],"7":[6,62]},"meta":{"lastBranch":8,"lastFunction":17,"lastStatement":62,"seen":{"f:14:16:14:29":0,"s:15:26:15:Infinity":0,"s:16:28:16:Infinity":1,"s:17:30:17:Infinity":2,"s:18:38:18:Infinity":3,"s:19:30:19:Infinity":4,"s:20:38:20:Infinity":5,"s:21:16:21:Infinity":6,"s:23:22:37:Infinity":7,"f:23:22:23:34":1,"s:24:4:36:Infinity":8,"s:25:6:25:Infinity":9,"s:26:23:26:Infinity":10,"s:27:6:27:Infinity":11,"s:29:6:33:Infinity":12,"s:35:6:35:Infinity":13,"s:39:2:41:Infinity":14,"f:39:12:39:18":2,"s:40:4:40:Infinity":15,"s:43:23:77:Infinity":16,"f:43:23:43:30":3,"s:44:4:44:Infinity":17,"s:45:4:76:Infinity":18,"b:46:6:58:Infinity:52:13:58:Infinity":0,"s:46:6:58:Infinity":19,"s:47:8:47:Infinity":20,"s:48:8:51:Infinity":21,"s:53:8:53:Infinity":22,"s:54:8:57:Infinity":23,"s:59:6:59:Infinity":24,"s:60:6:60:Infinity":25,"s:62:25:62:Infinity":26,"b:64:6:69:Infinity:67:6:69:Infinity":1,"s:64:6:69:Infinity":27,"s:66:8:66:Infinity":28,"b:67:6:69:Infinity:undefined:undefined:undefined:undefined":2,"s:67:6:69:Infinity":29,"s:68:8:68:Infinity":30,"s:71:6:75:Infinity":31,"s:79:28:81:Infinity":32,"f:79:28:79:29":4,"s:80:4:80:Infinity":33,"s:83:30:102:Infinity":34,"f:83:30:83:42":5,"b:84:4:84:Infinity:undefined:undefined:undefined:undefined":3,"s:84:4:84:Infinity":35,"s:84:29:84:Infinity":36,"s:86:4:101:Infinity":37,"s:87:6:87:Infinity":38,"s:88:6:91:Infinity":39,"s:92:6:92:Infinity":40,"s:94:6:98:Infinity":41,"s:100:6:100:Infinity":42,"s:104:21:112:Infinity":43,"f:104:21:104:22":6,"s:105:4:105:Infinity":44,"s:106:4:110:Infinity":45,"s:111:4:111:Infinity":46,"s:114:20:118:Infinity":47,"f:114:20:114:26":7,"s:115:4:115:Infinity":48,"s:116:4:116:Infinity":49,"s:117:4:117:Infinity":50,"s:120:21:122:Infinity":51,"f:120:21:120:22":8,"s:121:4:121:Infinity":52,"s:124:2:270:Infinity":53,"f:131:25:131:31":9,"s:131:31:131:50":54,"b:140:41:140:58:140:58:140:71":4,"b:142:30:142:67:142:67:142:Infinity":5,"f:152:28:152:29":10,"s:152:35:152:Infinity":55,"f:162:28:162:29":11,"s:162:35:162:Infinity":56,"f:172:28:172:29":12,"s:172:35:172:Infinity":57,"b:180:32:180:46:180:46:180:58":6,"b:202:12:202:Infinity:204:12:255:Infinity":7,"f:215:28:215:29":13,"s:216:18:252:Infinity":58,"f:239:35:239:41":14,"s:239:41:239:Infinity":59,"f:246:35:246:41":15,"s:246:41:246:Infinity":60,"f:262:22:262:23":16,"s:262:32:262:Infinity":61}}}
,"C:\\projetos\\gerencimento-cursos-front-2.0\\src\\pages\\CursosPage.tsx": {"path":"C:\\projetos\\gerencimento-cursos-front-2.0\\src\\pages\\CursosPage.tsx","statementMap":{"0":{"start":{"line":15,"column":26},"end":{"line":15,"column":null}},"1":{"start":{"line":16,"column":28},"end":{"line":16,"column":null}},"2":{"start":{"line":17,"column":30},"end":{"line":17,"column":null}},"3":{"start":{"line":18,"column":38},"end":{"line":18,"column":null}},"4":{"start":{"line":19,"column":30},"end":{"line":19,"column":null}},"5":{"start":{"line":20,"column":38},"end":{"line":20,"column":null}},"6":{"start":{"line":21,"column":16},"end":{"line":21,"column":null}},"7":{"start":{"line":23,"column":22},"end":{"line":37,"column":null}},"8":{"start":{"line":24,"column":4},"end":{"line":36,"column":null}},"9":{"start":{"line":25,"column":6},"end":{"line":25,"column":null}},"10":{"start":{"line":26,"column":23},"end":{"line":26,"column":null}},"11":{"start":{"line":27,"column":6},"end":{"line":27,"column":null}},"12":{"start":{"line":29,"column":6},"end":{"line":33,"column":null}},"13":{"start":{"line":35,"column":6},"end":{"line":35,"column":null}},"14":{"start":{"line":39,"column":2},"end":{"line":41,"column":null}},"15":{"start":{"line":40,"column":4},"end":{"line":40,"column":null}},"16":{"start":{"line":43,"column":23},"end":{"line":68,"column":null}},"17":{"start":{"line":44,"column":4},"end":{"line":44,"column":null}},"18":{"start":{"line":45,"column":4},"end":{"line":67,"column":null}},"19":{"start":{"line":46,"column":6},"end":{"line":58,"column":null}},"20":{"start":{"line":47,"column":8},"end":{"line":47,"column":null}},"21":{"start":{"line":48,"column":8},"end":{"line":51,"column":null}},"22":{"start":{"line":53,"column":8},"end":{"line":53,"column":null}},"23":{"start":{"line":54,"column":8},"end":{"line":57,"column":null}},"24":{"start":{"line":59,"column":6},"end":{"line":59,"column":null}},"25":{"start":{"line":60,"column":6},"end":{"line":60,"column":null}},"26":{"start":{"line":62,"column":6},"end":{"line":66,"column":null}},"27":{"start":{"line":70,"column":28},"end":{"line":72,"column":null}},"28":{"start":{"line":71,"column":4},"end":{"line":71,"column":null}},"29":{"start":{"line":74,"column":30},"end":{"line":93,"column":null}},"30":{"start":{"line":75,"column":4},"end":{"line":75,"column":null}},"31":{"start":{"line":75,"column":29},"end":{"line":75,"column":null}},"32":{"start":{"line":77,"column":4},"end":{"line":92,"column":null}},"33":{"start":{"line":78,"column":6},"end":{"line":78,"column":null}},"34":{"start":{"line":79,"column":6},"end":{"line":82,"column":null}},"35":{"start":{"line":83,"column":6},"end":{"line":83,"column":null}},"36":{"start":{"line":85,"column":6},"end":{"line":89,"column":null}},"37":{"start":{"line":91,"column":6},"end":{"line":91,"column":null}},"38":{"start":{"line":95,"column":21},"end":{"line":99,"column":null}},"39":{"start":{"line":96,"column":4},"end":{"line":96,"column":null}},"40":{"start":{"line":97,"column":4},"end":{"line":97,"column":null}},"41":{"start":{"line":98,"column":4},"end":{"line":98,"column":null}},"42":{"start":{"line":101,"column":20},"end":{"line":105,"column":null}},"43":{"start":{"line":102,"column":4},"end":{"line":102,"column":null}},"44":{"start":{"line":103,"column":4},"end":{"line":103,"column":null}},"45":{"start":{"line":104,"column":4},"end":{"line":104,"column":null}},"46":{"start":{"line":107,"column":2},"end":{"line":228,"column":null}},"47":{"start":{"line":114,"column":31},"end":{"line":114,"column":50}},"48":{"start":{"line":135,"column":35},"end":{"line":135,"column":null}},"49":{"start":{"line":144,"column":35},"end":{"line":144,"column":null}},"50":{"start":{"line":186,"column":18},"end":{"line":210,"column":null}},"51":{"start":{"line":197,"column":41},"end":{"line":197,"column":null}},"52":{"start":{"line":204,"column":41},"end":{"line":204,"column":null}},"53":{"start":{"line":220,"column":32},"end":{"line":220,"column":null}}},"fnMap":{"0":{"name":"CursosPage","decl":{"start":{"line":14,"column":16},"end":{"line":14,"column":29}},"loc":{"start":{"line":14,"column":29},"end":{"line":230,"column":null}},"line":14},"1":{"name":"(anonymous_1)","decl":{"start":{"line":23,"column":22},"end":{"line":23,"column":34}},"loc":{"start":{"line":23,"column":34},"end":{"line":37,"column":null}},"line":23},"2":{"name":"(anonymous_2)","decl":{"start":{"line":39,"column":12},"end":{"line":39,"column":18}},"loc":{"start":{"line":39,"column":18},"end":{"line":41,"column":5}},"line":39},"3":{"name":"(anonymous_3)","decl":{"start":{"line":43,"column":23},"end":{"line":43,"column":30}},"loc":{"start":{"line":43,"column":53},"end":{"line":68,"column":null}},"line":43},"4":{"name":"(anonymous_4)","decl":{"start":{"line":70,"column":28},"end":{"line":70,"column":29}},"loc":{"start":{"line":70,"column":46},"end":{"line":72,"column":null}},"line":70},"5":{"name":"(anonymous_5)","decl":{"start":{"line":74,"column":30},"end":{"line":74,"column":42}},"loc":{"start":{"line":74,"column":42},"end":{"line":93,"column":null}},"line":74},"6":{"name":"(anonymous_6)","decl":{"start":{"line":95,"column":21},"end":{"line":95,"column":22}},"loc":{"start":{"line":95,"column":39},"end":{"line":99,"column":null}},"line":95},"7":{"name":"(anonymous_7)","decl":{"start":{"line":101,"column":20},"end":{"line":101,"column":26}},"loc":{"start":{"line":101,"column":26},"end":{"line":105,"column":null}},"line":101},"8":{"name":"(anonymous_8)","decl":{"start":{"line":114,"column":25},"end":{"line":114,"column":31}},"loc":{"start":{"line":114,"column":31},"end":{"line":114,"column":50}},"line":114},"9":{"name":"(anonymous_9)","decl":{"start":{"line":135,"column":28},"end":{"line":135,"column":29}},"loc":{"start":{"line":135,"column":35},"end":{"line":135,"column":null}},"line":135},"10":{"name":"(anonymous_10)","decl":{"start":{"line":144,"column":28},"end":{"line":144,"column":29}},"loc":{"start":{"line":144,"column":35},"end":{"line":144,"column":null}},"line":144},"11":{"name":"(anonymous_11)","decl":{"start":{"line":185,"column":28},"end":{"line":185,"column":29}},"loc":{"start":{"line":186,"column":18},"end":{"line":210,"column":null}},"line":186},"12":{"name":"(anonymous_12)","decl":{"start":{"line":197,"column":35},"end":{"line":197,"column":41}},"loc":{"start":{"line":197,"column":41},"end":{"line":197,"column":null}},"line":197},"13":{"name":"(anonymous_13)","decl":{"start":{"line":204,"column":35},"end":{"line":204,"column":41}},"loc":{"start":{"line":204,"column":41},"end":{"line":204,"column":null}},"line":204},"14":{"name":"(anonymous_14)","decl":{"start":{"line":220,"column":22},"end":{"line":220,"column":23}},"loc":{"start":{"line":220,"column":32},"end":{"line":220,"column":null}},"line":220}},"branchMap":{"0":{"loc":{"start":{"line":46,"column":6},"end":{"line":58,"column":null}},"type":"if","locations":[{"start":{"line":46,"column":6},"end":{"line":58,"column":null}},{"start":{"line":52,"column":13},"end":{"line":58,"column":null}}],"line":46},"1":{"loc":{"start":{"line":75,"column":4},"end":{"line":75,"column":null}},"type":"if","locations":[{"start":{"line":75,"column":4},"end":{"line":75,"column":null}},{"start":{},"end":{}}],"line":75},"2":{"loc":{"start":{"line":123,"column":26},"end":{"line":123,"column":71}},"type":"cond-expr","locations":[{"start":{"line":123,"column":41},"end":{"line":123,"column":58}},{"start":{"line":123,"column":58},"end":{"line":123,"column":71}}],"line":123},"3":{"loc":{"start":{"line":125,"column":15},"end":{"line":125,"column":null}},"type":"cond-expr","locations":[{"start":{"line":125,"column":30},"end":{"line":125,"column":67}},{"start":{"line":125,"column":67},"end":{"line":125,"column":null}}],"line":125},"4":{"loc":{"start":{"line":151,"column":17},"end":{"line":151,"column":54}},"type":"cond-expr","locations":[{"start":{"line":151,"column":32},"end":{"line":151,"column":46}},{"start":{"line":151,"column":46},"end":{"line":151,"column":54}}],"line":151},"5":{"loc":{"start":{"line":172,"column":11},"end":{"line":213,"column":null}},"type":"cond-expr","locations":[{"start":{"line":173,"column":12},"end":{"line":173,"column":null}},{"start":{"line":175,"column":12},"end":{"line":213,"column":null}}],"line":172}},"s":{"0":42,"1":42,"2":42,"3":42,"4":42,"5":42,"6":42,"7":42,"8":6,"9":6,"10":6,"11":6,"12":0,"13":6,"14":42,"15":5,"16":42,"17":1,"18":1,"19":1,"20":0,"21":0,"22":1,"23":1,"24":1,"25":1,"26":0,"27":42,"28":1,"29":42,"30":0,"31":0,"32":0,"33":0,"34":0,"35":0,"36":0,"37":0,"38":42,"39":0,"40":0,"41":0,"42":42,"43":1,"44":1,"45":1,"46":42,"47":2,"48":10,"49":19,"50":74,"51":0,"52":1,"53":0},"f":{"0":42,"1":6,"2":5,"3":1,"4":1,"5":0,"6":0,"7":1,"8":2,"9":10,"10":19,"11":74,"12":0,"13":1,"14":0},"b":{"0":[0,1],"1":[0,0],"2":[0,42],"3":[0,42],"4":[0,42],"5":[5,37]},"meta":{"lastBranch":6,"lastFunction":15,"lastStatement":54,"seen":{"f:14:16:14:29":0,"s:15:26:15:Infinity":0,"s:16:28:16:Infinity":1,"s:17:30:17:Infinity":2,"s:18:38:18:Infinity":3,"s:19:30:19:Infinity":4,"s:20:38:20:Infinity":5,"s:21:16:21:Infinity":6,"s:23:22:37:Infinity":7,"f:23:22:23:34":1,"s:24:4:36:Infinity":8,"s:25:6:25:Infinity":9,"s:26:23:26:Infinity":10,"s:27:6:27:Infinity":11,"s:29:6:33:Infinity":12,"s:35:6:35:Infinity":13,"s:39:2:41:Infinity":14,"f:39:12:39:18":2,"s:40:4:40:Infinity":15,"s:43:23:68:Infinity":16,"f:43:23:43:30":3,"s:44:4:44:Infinity":17,"s:45:4:67:Infinity":18,"b:46:6:58:Infinity:52:13:58:Infinity":0,"s:46:6:58:Infinity":19,"s:47:8:47:Infinity":20,"s:48:8:51:Infinity":21,"s:53:8:53:Infinity":22,"s:54:8:57:Infinity":23,"s:59:6:59:Infinity":24,"s:60:6:60:Infinity":25,"s:62:6:66:Infinity":26,"s:70:28:72:Infinity":27,"f:70:28:70:29":4,"s:71:4:71:Infinity":28,"s:74:30:93:Infinity":29,"f:74:30:74:42":5,"b:75:4:75:Infinity:undefined:undefined:undefined:undefined":1,"s:75:4:75:Infinity":30,"s:75:29:75:Infinity":31,"s:77:4:92:Infinity":32,"s:78:6:78:Infinity":33,"s:79:6:82:Infinity":34,"s:83:6:83:Infinity":35,"s:85:6:89:Infinity":36,"s:91:6:91:Infinity":37,"s:95:21:99:Infinity":38,"f:95:21:95:22":6,"s:96:4:96:Infinity":39,"s:97:4:97:Infinity":40,"s:98:4:98:Infinity":41,"s:101:20:105:Infinity":42,"f:101:20:101:26":7,"s:102:4:102:Infinity":43,"s:103:4:103:Infinity":44,"s:104:4:104:Infinity":45,"s:107:2:228:Infinity":46,"f:114:25:114:31":8,"s:114:31:114:50":47,"b:123:41:123:58:123:58:123:71":2,"b:125:30:125:67:125:67:125:Infinity":3,"f:135:28:135:29":9,"s:135:35:135:Infinity":48,"f:144:28:144:29":10,"s:144:35:144:Infinity":49,"b:151:32:151:46:151:46:151:54":4,"b:173:12:173:Infinity:175:12:213:Infinity":5,"f:185:28:185:29":11,"s:186:18:210:Infinity":50,"f:197:35:197:41":12,"s:197:41:197:Infinity":51,"f:204:35:204:41":13,"s:204:41:204:Infinity":52,"f:220:22:220:23":14,"s:220:32:220:Infinity":53}}}
,"C:\\projetos\\gerencimento-cursos-front-2.0\\src\\pages\\HomePage.tsx": {"path":"C:\\projetos\\gerencimento-cursos-front-2.0\\src\\pages\\HomePage.tsx","statementMap":{"0":{"start":{"line":5,"column":16},"end":{"line":10,"column":null}},"1":{"start":{"line":12,"column":2},"end":{"line":88,"column":null}},"2":{"start":{"line":25,"column":10},"end":{"line":37,"column":null}}},"fnMap":{"0":{"name":"HomePage","decl":{"start":{"line":4,"column":16},"end":{"line":4,"column":27}},"loc":{"start":{"line":4,"column":27},"end":{"line":90,"column":null}},"line":4},"1":{"name":"(anonymous_1)","decl":{"start":{"line":24,"column":19},"end":{"line":24,"column":20}},"loc":{"start":{"line":25,"column":10},"end":{"line":37,"column":null}},"line":25}},"branchMap":{},"s":{"0":4,"1":4,"2":16},"f":{"0":4,"1":16},"b":{},"meta":{"lastBranch":0,"lastFunction":2,"lastStatement":3,"seen":{"f:4:16:4:27":0,"s:5:16:10:Infinity":0,"s:12:2:88:Infinity":1,"f:24:19:24:20":1,"s:25:10:37:Infinity":2}}}
,"C:\\projetos\\gerencimento-cursos-front-2.0\\src\\pages\\MatriculasPage.tsx": {"path":"C:\\projetos\\gerencimento-cursos-front-2.0\\src\\pages\\MatriculasPage.tsx","statementMap":{"0":{"start":{"line":14,"column":24},"end":{"line":14,"column":null}},"1":{"start":{"line":15,"column":26},"end":{"line":15,"column":null}},"2":{"start":{"line":16,"column":26},"end":{"line":16,"column":null}},"3":{"start":{"line":17,"column":28},"end":{"line":17,"column":null}},"4":{"start":{"line":18,"column":30},"end":{"line":18,"column":null}},"5":{"start":{"line":19,"column":30},"end":{"line":19,"column":null}},"6":{"start":{"line":20,"column":58},"end":{"line":20,"column":null}},"7":{"start":{"line":21,"column":50},"end":{"line":21,"column":null}},"8":{"start":{"line":22,"column":46},"end":{"line":22,"column":null}},"9":{"start":{"line":23,"column":16},"end":{"line":23,"column":null}},"10":{"start":{"line":25,"column":20},"end":{"line":56,"column":null}},"11":{"start":{"line":26,"column":4},"end":{"line":55,"column":null}},"12":{"start":{"line":27,"column":6},"end":{"line":27,"column":null}},"13":{"start":{"line":30,"column":37},"end":{"line":33,"column":null}},"14":{"start":{"line":35,"column":6},"end":{"line":35,"column":null}},"15":{"start":{"line":36,"column":6},"end":{"line":36,"column":null}},"16":{"start":{"line":39,"column":6},"end":{"line":44,"column":null}},"17":{"start":{"line":40,"column":30},"end":{"line":40,"column":null}},"18":{"start":{"line":41,"column":8},"end":{"line":41,"column":null}},"19":{"start":{"line":43,"column":8},"end":{"line":43,"column":null}},"20":{"start":{"line":47,"column":6},"end":{"line":47,"column":null}},"21":{"start":{"line":48,"column":6},"end":{"line":52,"column":null}},"22":{"start":{"line":54,"column":6},"end":{"line":54,"column":null}},"23":{"start":{"line":58,"column":2},"end":{"line":60,"column":null}},"24":{"start":{"line":59,"column":4},"end":{"line":59,"column":null}},"25":{"start":{"line":62,"column":23},"end":{"line":89,"column":null}},"26":{"start":{"line":63,"column":4},"end":{"line":63,"column":null}},"27":{"start":{"line":64,"column":4},"end":{"line":88,"column":null}},"28":{"start":{"line":65,"column":6},"end":{"line":68,"column":null}},"29":{"start":{"line":69,"column":6},"end":{"line":72,"column":null}},"30":{"start":{"line":73,"column":6},"end":{"line":73,"column":null}},"31":{"start":{"line":75,"column":25},"end":{"line":75,"column":null}},"32":{"start":{"line":77,"column":6},"end":{"line":81,"column":null}},"33":{"start":{"line":78,"column":8},"end":{"line":78,"column":null}},"34":{"start":{"line":79,"column":6},"end":{"line":81,"column":null}},"35":{"start":{"line":80,"column":8},"end":{"line":80,"column":null}},"36":{"start":{"line":83,"column":6},"end":{"line":87,"column":null}},"37":{"start":{"line":91,"column":20},"end":{"line":94,"column":null}},"38":{"start":{"line":92,"column":4},"end":{"line":92,"column":null}},"39":{"start":{"line":93,"column":4},"end":{"line":93,"column":null}},"40":{"start":{"line":96,"column":32},"end":{"line":119,"column":null}},"41":{"start":{"line":97,"column":4},"end":{"line":100,"column":null}},"42":{"start":{"line":98,"column":6},"end":{"line":98,"column":null}},"43":{"start":{"line":99,"column":6},"end":{"line":99,"column":null}},"44":{"start":{"line":102,"column":4},"end":{"line":118,"column":null}},"45":{"start":{"line":103,"column":6},"end":{"line":103,"column":null}},"46":{"start":{"line":104,"column":23},"end":{"line":104,"column":null}},"47":{"start":{"line":105,"column":6},"end":{"line":105,"column":null}},"48":{"start":{"line":107,"column":6},"end":{"line":115,"column":null}},"49":{"start":{"line":108,"column":8},"end":{"line":108,"column":null}},"50":{"start":{"line":110,"column":8},"end":{"line":114,"column":null}},"51":{"start":{"line":117,"column":6},"end":{"line":117,"column":null}},"52":{"start":{"line":123,"column":21},"end":{"line":125,"column":null}},"53":{"start":{"line":124,"column":4},"end":{"line":124,"column":null}},"54":{"start":{"line":127,"column":16},"end":{"line":131,"column":null}},"55":{"start":{"line":133,"column":2},"end":{"line":327,"column":null}},"56":{"start":{"line":141,"column":25},"end":{"line":141,"column":null}},"57":{"start":{"line":164,"column":10},"end":{"line":176,"column":null}},"58":{"start":{"line":194,"column":44},"end":{"line":194,"column":null}},"59":{"start":{"line":206,"column":24},"end":{"line":208,"column":null}},"60":{"start":{"line":218,"column":44},"end":{"line":218,"column":null}},"61":{"start":{"line":230,"column":24},"end":{"line":232,"column":null}},"62":{"start":{"line":265,"column":16},"end":{"line":265,"column":null}},"63":{"start":{"line":266,"column":16},"end":{"line":266,"column":null}},"64":{"start":{"line":274,"column":18},"end":{"line":276,"column":null}},"65":{"start":{"line":285,"column":58},"end":{"line":285,"column":100}},"66":{"start":{"line":302,"column":22},"end":{"line":314,"column":null}}},"fnMap":{"0":{"name":"MatriculasPage","decl":{"start":{"line":13,"column":16},"end":{"line":13,"column":33}},"loc":{"start":{"line":13,"column":33},"end":{"line":329,"column":null}},"line":13},"1":{"name":"(anonymous_1)","decl":{"start":{"line":25,"column":20},"end":{"line":25,"column":32}},"loc":{"start":{"line":25,"column":32},"end":{"line":56,"column":null}},"line":25},"2":{"name":"(anonymous_2)","decl":{"start":{"line":58,"column":12},"end":{"line":58,"column":18}},"loc":{"start":{"line":58,"column":18},"end":{"line":60,"column":5}},"line":58},"3":{"name":"(anonymous_3)","decl":{"start":{"line":62,"column":23},"end":{"line":62,"column":30}},"loc":{"start":{"line":62,"column":53},"end":{"line":89,"column":null}},"line":62},"4":{"name":"(anonymous_4)","decl":{"start":{"line":91,"column":20},"end":{"line":91,"column":26}},"loc":{"start":{"line":91,"column":26},"end":{"line":94,"column":null}},"line":91},"5":{"name":"(anonymous_5)","decl":{"start":{"line":96,"column":32},"end":{"line":96,"column":39}},"loc":{"start":{"line":96,"column":59},"end":{"line":119,"column":null}},"line":96},"6":{"name":"(anonymous_6)","decl":{"start":{"line":123,"column":21},"end":{"line":123,"column":22}},"loc":{"start":{"line":123,"column":45},"end":{"line":125,"column":null}},"line":123},"7":{"name":"(anonymous_7)","decl":{"start":{"line":141,"column":19},"end":{"line":141,"column":25}},"loc":{"start":{"line":141,"column":25},"end":{"line":141,"column":null}},"line":141},"8":{"name":"(anonymous_8)","decl":{"start":{"line":163,"column":19},"end":{"line":163,"column":20}},"loc":{"start":{"line":164,"column":10},"end":{"line":176,"column":null}},"line":164},"9":{"name":"(anonymous_9)","decl":{"start":{"line":194,"column":33},"end":{"line":194,"column":34}},"loc":{"start":{"line":194,"column":44},"end":{"line":194,"column":null}},"line":194},"10":{"name":"(anonymous_10)","decl":{"start":{"line":205,"column":33},"end":{"line":205,"column":34}},"loc":{"start":{"line":206,"column":24},"end":{"line":208,"column":null}},"line":206},"11":{"name":"(anonymous_11)","decl":{"start":{"line":218,"column":33},"end":{"line":218,"column":34}},"loc":{"start":{"line":218,"column":44},"end":{"line":218,"column":null}},"line":218},"12":{"name":"(anonymous_12)","decl":{"start":{"line":229,"column":33},"end":{"line":229,"column":34}},"loc":{"start":{"line":230,"column":24},"end":{"line":232,"column":null}},"line":230},"13":{"name":"(anonymous_13)","decl":{"start":{"line":264,"column":29},"end":{"line":264,"column":30}},"loc":{"start":{"line":264,"column":40},"end":{"line":267,"column":null}},"line":264},"14":{"name":"(anonymous_14)","decl":{"start":{"line":273,"column":28},"end":{"line":273,"column":29}},"loc":{"start":{"line":274,"column":18},"end":{"line":276,"column":null}},"line":274},"15":{"name":"(anonymous_15)","decl":{"start":{"line":285,"column":53},"end":{"line":285,"column":58}},"loc":{"start":{"line":285,"column":58},"end":{"line":285,"column":100}},"line":285},"16":{"name":"(anonymous_16)","decl":{"start":{"line":301,"column":44},"end":{"line":301,"column":45}},"loc":{"start":{"line":302,"column":22},"end":{"line":314,"column":null}},"line":302}},"branchMap":{"0":{"loc":{"start":{"line":77,"column":6},"end":{"line":81,"column":null}},"type":"if","locations":[{"start":{"line":77,"column":6},"end":{"line":81,"column":null}},{"start":{"line":79,"column":6},"end":{"line":81,"column":null}}],"line":77},"1":{"loc":{"start":{"line":79,"column":6},"end":{"line":81,"column":null}},"type":"if","locations":[{"start":{"line":79,"column":6},"end":{"line":81,"column":null}},{"start":{},"end":{}}],"line":79},"2":{"loc":{"start":{"line":97,"column":4},"end":{"line":100,"column":null}},"type":"if","locations":[{"start":{"line":97,"column":4},"end":{"line":100,"column":null}},{"start":{},"end":{}}],"line":97},"3":{"loc":{"start":{"line":107,"column":6},"end":{"line":115,"column":null}},"type":"if","locations":[{"start":{"line":107,"column":6},"end":{"line":115,"column":null}},{"start":{"line":109,"column":13},"end":{"line":115,"column":null}}],"line":107},"4":{"loc":{"start":{"line":147,"column":6},"end":{"line":159,"column":null}},"type":"binary-expr","locations":[{"start":{"line":149,"column":8},"end":{"line":149,"column":31}},{"start":{"line":149,"column":31},"end":{"line":149,"column":55}},{"start":{"line":149,"column":55},"end":{"line":149,"column":null}},{"start":{"line":150,"column":8},"end":{"line":159,"column":null}}],"line":147},"5":{"loc":{"start":{"line":200,"column":21},"end":{"line":209,"column":null}},"type":"cond-expr","locations":[{"start":{"line":201,"column":22},"end":{"line":203,"column":null}},{"start":{"line":205,"column":22},"end":{"line":209,"column":null}}],"line":200},"6":{"loc":{"start":{"line":224,"column":21},"end":{"line":233,"column":null}},"type":"cond-expr","locations":[{"start":{"line":225,"column":22},"end":{"line":227,"column":null}},{"start":{"line":229,"column":22},"end":{"line":233,"column":null}}],"line":224},"7":{"loc":{"start":{"line":282,"column":11},"end":{"line":323,"column":null}},"type":"binary-expr","locations":[{"start":{"line":282,"column":11},"end":{"line":282,"column":null}},{"start":{"line":283,"column":12},"end":{"line":323,"column":null}}],"line":282},"8":{"loc":{"start":{"line":288,"column":15},"end":{"line":321,"column":null}},"type":"cond-expr","locations":[{"start":{"line":289,"column":16},"end":{"line":289,"column":null}},{"start":{"line":290,"column":18},"end":{"line":321,"column":null}}],"line":288},"9":{"loc":{"start":{"line":290,"column":18},"end":{"line":321,"column":null}},"type":"cond-expr","locations":[{"start":{"line":291,"column":16},"end":{"line":317,"column":null}},{"start":{"line":319,"column":16},"end":{"line":321,"column":null}}],"line":290}},"s":{"0":12,"1":12,"2":12,"3":12,"4":12,"5":12,"6":12,"7":12,"8":12,"9":12,"10":12,"11":6,"12":6,"13":6,"14":6,"15":6,"16":6,"17":6,"18":6,"19":0,"20":0,"21":0,"22":6,"23":12,"24":6,"25":12,"26":0,"27":0,"28":0,"29":0,"30":0,"31":0,"32":0,"33":0,"34":0,"35":0,"36":0,"37":12,"38":0,"39":0,"40":12,"41":0,"42":0,"43":0,"44":0,"45":0,"46":0,"47":0,"48":0,"49":0,"50":0,"51":0,"52":12,"53":0,"54":12,"55":12,"56":2,"57":36,"58":0,"59":6,"60":0,"61":6,"62":0,"63":0,"64":6,"65":0,"66":0},"f":{"0":12,"1":6,"2":6,"3":0,"4":0,"5":0,"6":0,"7":2,"8":36,"9":0,"10":6,"11":0,"12":6,"13":0,"14":6,"15":0,"16":0},"b":{"0":[0,0],"1":[0,0],"2":[0,0],"3":[0,0],"4":[12,6,6,0],"5":[6,6],"6":[6,6],"7":[12,0],"8":[0,0],"9":[0,0]},"meta":{"lastBranch":10,"lastFunction":17,"lastStatement":67,"seen":{"f:13:16:13:33":0,"s:14:24:14:Infinity":0,"s:15:26:15:Infinity":1,"s:16:26:16:Infinity":2,"s:17:28:17:Infinity":3,"s:18:30:18:Infinity":4,"s:19:30:19:Infinity":5,"s:20:58:20:Infinity":6,"s:21:50:21:Infinity":7,"s:22:46:22:Infinity":8,"s:23:16:23:Infinity":9,"s:25:20:56:Infinity":10,"f:25:20:25:32":1,"s:26:4:55:Infinity":11,"s:27:6:27:Infinity":12,"s:30:37:33:Infinity":13,"s:35:6:35:Infinity":14,"s:36:6:36:Infinity":15,"s:39:6:44:Infinity":16,"s:40:30:40:Infinity":17,"s:41:8:41:Infinity":18,"s:43:8:43:Infinity":19,"s:47:6:47:Infinity":20,"s:48:6:52:Infinity":21,"s:54:6:54:Infinity":22,"s:58:2:60:Infinity":23,"f:58:12:58:18":2,"s:59:4:59:Infinity":24,"s:62:23:89:Infinity":25,"f:62:23:62:30":3,"s:63:4:63:Infinity":26,"s:64:4:88:Infinity":27,"s:65:6:68:Infinity":28,"s:69:6:72:Infinity":29,"s:73:6:73:Infinity":30,"s:75:25:75:Infinity":31,"b:77:6:81:Infinity:79:6:81:Infinity":0,"s:77:6:81:Infinity":32,"s:78:8:78:Infinity":33,"b:79:6:81:Infinity:undefined:undefined:undefined:undefined":1,"s:79:6:81:Infinity":34,"s:80:8:80:Infinity":35,"s:83:6:87:Infinity":36,"s:91:20:94:Infinity":37,"f:91:20:91:26":4,"s:92:4:92:Infinity":38,"s:93:4:93:Infinity":39,"s:96:32:119:Infinity":40,"f:96:32:96:39":5,"b:97:4:100:Infinity:undefined:undefined:undefined:undefined":2,"s:97:4:100:Infinity":41,"s:98:6:98:Infinity":42,"s:99:6:99:Infinity":43,"s:102:4:118:Infinity":44,"s:103:6:103:Infinity":45,"s:104:23:104:Infinity":46,"s:105:6:105:Infinity":47,"b:107:6:115:Infinity:109:13:115:Infinity":3,"s:107:6:115:Infinity":48,"s:108:8:108:Infinity":49,"s:110:8:114:Infinity":50,"s:117:6:117:Infinity":51,"s:123:21:125:Infinity":52,"f:123:21:123:22":6,"s:124:4:124:Infinity":53,"s:127:16:131:Infinity":54,"s:133:2:327:Infinity":55,"f:141:19:141:25":7,"s:141:25:141:Infinity":56,"b:149:8:149:31:149:31:149:55:149:55:149:Infinity:150:8:159:Infinity":4,"f:163:19:163:20":8,"s:164:10:176:Infinity":57,"f:194:33:194:34":9,"s:194:44:194:Infinity":58,"b:201:22:203:Infinity:205:22:209:Infinity":5,"f:205:33:205:34":10,"s:206:24:208:Infinity":59,"f:218:33:218:34":11,"s:218:44:218:Infinity":60,"b:225:22:227:Infinity:229:22:233:Infinity":6,"f:229:33:229:34":12,"s:230:24:232:Infinity":61,"f:264:29:264:30":13,"s:265:16:265:Infinity":62,"s:266:16:266:Infinity":63,"f:273:28:273:29":14,"s:274:18:276:Infinity":64,"b:282:11:282:Infinity:283:12:323:Infinity":7,"f:285:53:285:58":15,"s:285:58:285:100":65,"b:289:16:289:Infinity:290:18:321:Infinity":8,"b:291:16:317:Infinity:319:16:321:Infinity":9,"f:301:44:301:45":16,"s:302:22:314:Infinity":66}}}
,"C:\\projetos\\gerencimento-cursos-front-2.0\\src\\services\\api.ts": {"path":"C:\\projetos\\gerencimento-cursos-front-2.0\\src\\services\\api.ts","statementMap":{"0":{"start":{"line":4,"column":20},"end":{"line":6,"column":null}},"1":{"start":{"line":8,"column":17},"end":{"line":10,"column":null}},"2":{"start":{"line":12,"column":19},"end":{"line":17,"column":null}}},"fnMap":{},"branchMap":{"0":{"loc":{"start":{"line":4,"column":20},"end":{"line":6,"column":null}},"type":"binary-expr","locations":[{"start":{"line":4,"column":20},"end":{"line":4,"column":null}},{"start":{"line":5,"column":19},"end":{"line":5,"column":null}},{"start":{"line":6,"column":19},"end":{"line":6,"column":null}}],"line":4},"1":{"loc":{"start":{"line":8,"column":17},"end":{"line":10,"column":null}},"type":"cond-expr","locations":[{"start":{"line":9,"column":4},"end":{"line":9,"column":null}},{"start":{"line":10,"column":4},"end":{"line":10,"column":null}}],"line":8}},"s":{"0":1,"1":1,"2":1},"f":{},"b":{"0":[1,0,0],"1":[1,0]},"meta":{"lastBranch":2,"lastFunction":0,"lastStatement":3,"seen":{"s:4:20:6:Infinity":0,"b:4:20:4:Infinity:5:19:5:Infinity:6:19:6:Infinity":0,"s:8:17:10:Infinity":1,"b:9:4:9:Infinity:10:4:10:Infinity":1,"s:12:19:17:Infinity":2}}}
}
