{"C:\\projetos\\gerencimento-cursos-front-2.0\\src\\components\\ui\\alert-dialog.tsx": {"path":"C:\\projetos\\gerencimento-cursos-front-2.0\\src\\components\\ui\\alert-dialog.tsx","statementMap":{"0":{"start":{"line":7,"column":20},"end":{"line":7,"column":null}},"1":{"start":{"line":9,"column":27},"end":{"line":9,"column":null}},"2":{"start":{"line":11,"column":26},"end":{"line":11,"column":null}},"3":{"start":{"line":13,"column":27},"end":{"line":25,"column":null}},"4":{"start":{"line":17,"column":2},"end":{"line":24,"column":null}},"5":{"start":{"line":26,"column":0},"end":{"line":26,"column":null}},"6":{"start":{"line":28,"column":27},"end":{"line":43,"column":null}},"7":{"start":{"line":32,"column":2},"end":{"line":42,"column":null}},"8":{"start":{"line":44,"column":0},"end":{"line":44,"column":null}},"9":{"start":{"line":46,"column":26},"end":{"line":56,"column":null}},"10":{"start":{"line":50,"column":2},"end":{"line":56,"column":null}},"11":{"start":{"line":58,"column":0},"end":{"line":58,"column":null}},"12":{"start":{"line":60,"column":26},"end":{"line":70,"column":null}},"13":{"start":{"line":64,"column":2},"end":{"line":70,"column":null}},"14":{"start":{"line":72,"column":0},"end":{"line":72,"column":null}},"15":{"start":{"line":74,"column":25},"end":{"line":83,"column":null}},"16":{"start":{"line":78,"column":2},"end":{"line":82,"column":null}},"17":{"start":{"line":84,"column":0},"end":{"line":84,"column":null}},"18":{"start":{"line":86,"column":31},"end":{"line":95,"column":null}},"19":{"start":{"line":90,"column":2},"end":{"line":94,"column":null}},"20":{"start":{"line":96,"column":0},"end":{"line":97,"column":null}},"21":{"start":{"line":99,"column":26},"end":{"line":108,"column":null}},"22":{"start":{"line":103,"column":2},"end":{"line":107,"column":null}},"23":{"start":{"line":109,"column":0},"end":{"line":109,"column":null}},"24":{"start":{"line":111,"column":26},"end":{"line":124,"column":null}},"25":{"start":{"line":115,"column":2},"end":{"line":123,"column":null}},"26":{"start":{"line":125,"column":0},"end":{"line":125,"column":null}}},"fnMap":{"0":{"name":"(anonymous_0)","decl":{"start":{"line":16,"column":2},"end":{"line":16,"column":3}},"loc":{"start":{"line":17,"column":2},"end":{"line":24,"column":null}},"line":17},"1":{"name":"(anonymous_1)","decl":{"start":{"line":31,"column":2},"end":{"line":31,"column":3}},"loc":{"start":{"line":32,"column":2},"end":{"line":42,"column":null}},"line":32},"2":{"name":"(anonymous_2)","decl":{"start":{"line":46,"column":26},"end":{"line":46,"column":27}},"loc":{"start":{"line":50,"column":2},"end":{"line":56,"column":null}},"line":50},"3":{"name":"(anonymous_3)","decl":{"start":{"line":60,"column":26},"end":{"line":60,"column":27}},"loc":{"start":{"line":64,"column":2},"end":{"line":70,"column":null}},"line":64},"4":{"name":"(anonymous_4)","decl":{"start":{"line":77,"column":2},"end":{"line":77,"column":3}},"loc":{"start":{"line":78,"column":2},"end":{"line":82,"column":null}},"line":78},"5":{"name":"(anonymous_5)","decl":{"start":{"line":89,"column":2},"end":{"line":89,"column":3}},"loc":{"start":{"line":90,"column":2},"end":{"line":94,"column":null}},"line":90},"6":{"name":"(anonymous_6)","decl":{"start":{"line":102,"column":2},"end":{"line":102,"column":3}},"loc":{"start":{"line":103,"column":2},"end":{"line":107,"column":null}},"line":103},"7":{"name":"(anonymous_7)","decl":{"start":{"line":114,"column":2},"end":{"line":114,"column":3}},"loc":{"start":{"line":115,"column":2},"end":{"line":123,"column":null}},"line":115}},"branchMap":{},"s":{"0":2,"1":2,"2":2,"3":2,"4":2,"5":2,"6":2,"7":110,"8":2,"9":2,"10":1,"11":2,"12":2,"13":1,"14":2,"15":2,"16":1,"17":2,"18":2,"19":1,"20":2,"21":2,"22":1,"23":2,"24":2,"25":1,"26":2},"f":{"0":2,"1":110,"2":1,"3":1,"4":1,"5":1,"6":1,"7":1},"b":{},"meta":{"lastBranch":0,"lastFunction":8,"lastStatement":27,"seen":{"s:7:20:7:Infinity":0,"s:9:27:9:Infinity":1,"s:11:26:11:Infinity":2,"s:13:27:25:Infinity":3,"f:16:2:16:3":0,"s:17:2:24:Infinity":4,"s:26:0:26:Infinity":5,"s:28:27:43:Infinity":6,"f:31:2:31:3":1,"s:32:2:42:Infinity":7,"s:44:0:44:Infinity":8,"s:46:26:56:Infinity":9,"f:46:26:46:27":2,"s:50:2:56:Infinity":10,"s:58:0:58:Infinity":11,"s:60:26:70:Infinity":12,"f:60:26:60:27":3,"s:64:2:70:Infinity":13,"s:72:0:72:Infinity":14,"s:74:25:83:Infinity":15,"f:77:2:77:3":4,"s:78:2:82:Infinity":16,"s:84:0:84:Infinity":17,"s:86:31:95:Infinity":18,"f:89:2:89:3":5,"s:90:2:94:Infinity":19,"s:96:0:97:Infinity":20,"s:99:26:108:Infinity":21,"f:102:2:102:3":6,"s:103:2:107:Infinity":22,"s:109:0:109:Infinity":23,"s:111:26:124:Infinity":24,"f:114:2:114:3":7,"s:115:2:123:Infinity":25,"s:125:0:125:Infinity":26}}}
,"C:\\projetos\\gerencimento-cursos-front-2.0\\src\\components\\ui\\badge.tsx": {"path":"C:\\projetos\\gerencimento-cursos-front-2.0\\src\\components\\ui\\badge.tsx","statementMap":{"0":{"start":{"line":6,"column":6},"end":{"line":24,"column":null}},"1":{"start":{"line":31,"column":2},"end":{"line":32,"column":null}}},"fnMap":{"0":{"name":"Badge","decl":{"start":{"line":30,"column":9},"end":{"line":30,"column":15}},"loc":{"start":{"line":30,"column":61},"end":{"line":34,"column":null}},"line":30}},"branchMap":{},"s":{"0":3,"1":198},"f":{"0":198},"b":{},"meta":{"lastBranch":0,"lastFunction":1,"lastStatement":2,"seen":{"s:6:6:24:Infinity":0,"f:30:9:30:15":0,"s:31:2:32:Infinity":1}}}
,"C:\\projetos\\gerencimento-cursos-front-2.0\\src\\components\\ui\\button.tsx": {"path":"C:\\projetos\\gerencimento-cursos-front-2.0\\src\\components\\ui\\button.tsx","statementMap":{"0":{"start":{"line":7,"column":6},"end":{"line":35,"column":null}},"1":{"start":{"line":43,"column":15},"end":{"line":54,"column":null}},"2":{"start":{"line":45,"column":17},"end":{"line":45,"column":null}},"3":{"start":{"line":46,"column":4},"end":{"line":51,"column":null}},"4":{"start":{"line":55,"column":0},"end":{"line":55,"column":null}}},"fnMap":{"0":{"name":"(anonymous_0)","decl":{"start":{"line":44,"column":2},"end":{"line":44,"column":3}},"loc":{"start":{"line":44,"column":68},"end":{"line":53,"column":null}},"line":44}},"branchMap":{"0":{"loc":{"start":{"line":44,"column":31},"end":{"line":44,"column":48}},"type":"default-arg","locations":[{"start":{"line":44,"column":41},"end":{"line":44,"column":48}}],"line":44},"1":{"loc":{"start":{"line":45,"column":17},"end":{"line":45,"column":null}},"type":"cond-expr","locations":[{"start":{"line":45,"column":27},"end":{"line":45,"column":34}},{"start":{"line":45,"column":34},"end":{"line":45,"column":null}}],"line":45}},"s":{"0":3,"1":3,"2":700,"3":700,"4":3},"f":{"0":700},"b":{"0":[700],"1":[0,700]},"meta":{"lastBranch":2,"lastFunction":1,"lastStatement":5,"seen":{"s:7:6:35:Infinity":0,"s:43:15:54:Infinity":1,"f:44:2:44:3":0,"b:44:41:44:48":0,"s:45:17:45:Infinity":2,"b:45:27:45:34:45:34:45:Infinity":1,"s:46:4:51:Infinity":3,"s:55:0:55:Infinity":4}}}
,"C:\\projetos\\gerencimento-cursos-front-2.0\\src\\components\\ui\\card.tsx": {"path":"C:\\projetos\\gerencimento-cursos-front-2.0\\src\\components\\ui\\card.tsx","statementMap":{"0":{"start":{"line":5,"column":13},"end":{"line":17,"column":null}},"1":{"start":{"line":9,"column":2},"end":{"line":16,"column":null}},"2":{"start":{"line":18,"column":0},"end":{"line":18,"column":null}},"3":{"start":{"line":20,"column":19},"end":{"line":29,"column":null}},"4":{"start":{"line":24,"column":2},"end":{"line":28,"column":null}},"5":{"start":{"line":30,"column":0},"end":{"line":30,"column":null}},"6":{"start":{"line":32,"column":18},"end":{"line":41,"column":null}},"7":{"start":{"line":36,"column":2},"end":{"line":40,"column":null}},"8":{"start":{"line":42,"column":0},"end":{"line":42,"column":null}},"9":{"start":{"line":44,"column":24},"end":{"line":53,"column":null}},"10":{"start":{"line":48,"column":2},"end":{"line":52,"column":null}},"11":{"start":{"line":54,"column":0},"end":{"line":54,"column":null}},"12":{"start":{"line":56,"column":20},"end":{"line":61,"column":null}},"13":{"start":{"line":60,"column":2},"end":{"line":60,"column":null}},"14":{"start":{"line":62,"column":0},"end":{"line":62,"column":null}},"15":{"start":{"line":64,"column":19},"end":{"line":73,"column":null}},"16":{"start":{"line":68,"column":2},"end":{"line":72,"column":null}},"17":{"start":{"line":74,"column":0},"end":{"line":74,"column":null}}},"fnMap":{"0":{"name":"(anonymous_0)","decl":{"start":{"line":8,"column":2},"end":{"line":8,"column":3}},"loc":{"start":{"line":9,"column":2},"end":{"line":16,"column":null}},"line":9},"1":{"name":"(anonymous_1)","decl":{"start":{"line":23,"column":2},"end":{"line":23,"column":3}},"loc":{"start":{"line":24,"column":2},"end":{"line":28,"column":null}},"line":24},"2":{"name":"(anonymous_2)","decl":{"start":{"line":35,"column":2},"end":{"line":35,"column":3}},"loc":{"start":{"line":36,"column":2},"end":{"line":40,"column":null}},"line":36},"3":{"name":"(anonymous_3)","decl":{"start":{"line":47,"column":2},"end":{"line":47,"column":3}},"loc":{"start":{"line":48,"column":2},"end":{"line":52,"column":null}},"line":48},"4":{"name":"(anonymous_4)","decl":{"start":{"line":59,"column":2},"end":{"line":59,"column":3}},"loc":{"start":{"line":60,"column":2},"end":{"line":60,"column":null}},"line":60},"5":{"name":"(anonymous_5)","decl":{"start":{"line":67,"column":2},"end":{"line":67,"column":3}},"loc":{"start":{"line":68,"column":2},"end":{"line":72,"column":null}},"line":68}},"branchMap":{},"s":{"0":4,"1":182,"2":4,"3":4,"4":182,"5":4,"6":4,"7":182,"8":4,"9":4,"10":130,"11":4,"12":4,"13":182,"14":4,"15":4,"16":0,"17":4},"f":{"0":182,"1":182,"2":182,"3":130,"4":182,"5":0},"b":{},"meta":{"lastBranch":0,"lastFunction":6,"lastStatement":18,"seen":{"s:5:13:17:Infinity":0,"f:8:2:8:3":0,"s:9:2:16:Infinity":1,"s:18:0:18:Infinity":2,"s:20:19:29:Infinity":3,"f:23:2:23:3":1,"s:24:2:28:Infinity":4,"s:30:0:30:Infinity":5,"s:32:18:41:Infinity":6,"f:35:2:35:3":2,"s:36:2:40:Infinity":7,"s:42:0:42:Infinity":8,"s:44:24:53:Infinity":9,"f:47:2:47:3":3,"s:48:2:52:Infinity":10,"s:54:0:54:Infinity":11,"s:56:20:61:Infinity":12,"f:59:2:59:3":4,"s:60:2:60:Infinity":13,"s:62:0:62:Infinity":14,"s:64:19:73:Infinity":15,"f:67:2:67:3":5,"s:68:2:72:Infinity":16,"s:74:0:74:Infinity":17}}}
,"C:\\projetos\\gerencimento-cursos-front-2.0\\src\\components\\ui\\confirm-dialog.tsx": {"path":"C:\\projetos\\gerencimento-cursos-front-2.0\\src\\components\\ui\\confirm-dialog.tsx","statementMap":{"0":{"start":{"line":33,"column":2},"end":{"line":50,"column":null}}},"fnMap":{"0":{"name":"ConfirmDialog","decl":{"start":{"line":23,"column":16},"end":{"line":23,"column":30}},"loc":{"start":{"line":32,"column":23},"end":{"line":52,"column":null}},"line":32}},"branchMap":{"0":{"loc":{"start":{"line":29,"column":2},"end":{"line":29,"column":null}},"type":"default-arg","locations":[{"start":{"line":29,"column":16},"end":{"line":29,"column":null}}],"line":29},"1":{"loc":{"start":{"line":30,"column":2},"end":{"line":30,"column":null}},"type":"default-arg","locations":[{"start":{"line":30,"column":15},"end":{"line":30,"column":null}}],"line":30},"2":{"loc":{"start":{"line":31,"column":2},"end":{"line":31,"column":null}},"type":"default-arg","locations":[{"start":{"line":31,"column":12},"end":{"line":31,"column":null}}],"line":31},"3":{"loc":{"start":{"line":44,"column":23},"end":{"line":44,"column":null}},"type":"cond-expr","locations":[{"start":{"line":44,"column":51},"end":{"line":44,"column":83}},{"start":{"line":44,"column":83},"end":{"line":44,"column":null}}],"line":44}},"s":{"0":110},"f":{"0":110},"b":{"0":[110],"1":[110],"2":[110],"3":[110,0]},"meta":{"lastBranch":4,"lastFunction":1,"lastStatement":1,"seen":{"f:23:16:23:30":0,"b:29:16:29:Infinity":0,"b:30:15:30:Infinity":1,"b:31:12:31:Infinity":2,"s:33:2:50:Infinity":0,"b:44:51:44:83:44:83:44:Infinity":3}}}
,"C:\\projetos\\gerencimento-cursos-front-2.0\\src\\components\\ui\\dialog.tsx": {"path":"C:\\projetos\\gerencimento-cursos-front-2.0\\src\\components\\ui\\dialog.tsx","statementMap":{"0":{"start":{"line":7,"column":15},"end":{"line":7,"column":null}},"1":{"start":{"line":9,"column":22},"end":{"line":9,"column":null}},"2":{"start":{"line":11,"column":21},"end":{"line":11,"column":null}},"3":{"start":{"line":13,"column":20},"end":{"line":13,"column":null}},"4":{"start":{"line":15,"column":22},"end":{"line":27,"column":null}},"5":{"start":{"line":19,"column":2},"end":{"line":26,"column":null}},"6":{"start":{"line":28,"column":0},"end":{"line":28,"column":null}},"7":{"start":{"line":30,"column":22},"end":{"line":51,"column":null}},"8":{"start":{"line":34,"column":2},"end":{"line":50,"column":null}},"9":{"start":{"line":52,"column":0},"end":{"line":52,"column":null}},"10":{"start":{"line":54,"column":21},"end":{"line":64,"column":null}},"11":{"start":{"line":58,"column":2},"end":{"line":64,"column":null}},"12":{"start":{"line":66,"column":0},"end":{"line":66,"column":null}},"13":{"start":{"line":68,"column":21},"end":{"line":78,"column":null}},"14":{"start":{"line":72,"column":2},"end":{"line":78,"column":null}},"15":{"start":{"line":80,"column":0},"end":{"line":80,"column":null}},"16":{"start":{"line":82,"column":20},"end":{"line":94,"column":null}},"17":{"start":{"line":86,"column":2},"end":{"line":93,"column":null}},"18":{"start":{"line":95,"column":0},"end":{"line":95,"column":null}},"19":{"start":{"line":97,"column":26},"end":{"line":106,"column":null}},"20":{"start":{"line":101,"column":2},"end":{"line":105,"column":null}},"21":{"start":{"line":107,"column":0},"end":{"line":107,"column":null}}},"fnMap":{"0":{"name":"(anonymous_0)","decl":{"start":{"line":18,"column":2},"end":{"line":18,"column":3}},"loc":{"start":{"line":19,"column":2},"end":{"line":26,"column":null}},"line":19},"1":{"name":"(anonymous_1)","decl":{"start":{"line":33,"column":2},"end":{"line":33,"column":3}},"loc":{"start":{"line":34,"column":2},"end":{"line":50,"column":null}},"line":34},"2":{"name":"(anonymous_2)","decl":{"start":{"line":54,"column":21},"end":{"line":54,"column":22}},"loc":{"start":{"line":58,"column":2},"end":{"line":64,"column":null}},"line":58},"3":{"name":"(anonymous_3)","decl":{"start":{"line":68,"column":21},"end":{"line":68,"column":22}},"loc":{"start":{"line":72,"column":2},"end":{"line":78,"column":null}},"line":72},"4":{"name":"(anonymous_4)","decl":{"start":{"line":85,"column":2},"end":{"line":85,"column":3}},"loc":{"start":{"line":86,"column":2},"end":{"line":93,"column":null}},"line":86},"5":{"name":"(anonymous_5)","decl":{"start":{"line":100,"column":2},"end":{"line":100,"column":3}},"loc":{"start":{"line":101,"column":2},"end":{"line":105,"column":null}},"line":101}},"branchMap":{},"s":{"0":3,"1":3,"2":3,"3":3,"4":3,"5":99,"6":3,"7":3,"8":122,"9":3,"10":3,"11":91,"12":3,"13":3,"14":0,"15":3,"16":3,"17":91,"18":3,"19":3,"20":91,"21":3},"f":{"0":99,"1":122,"2":91,"3":0,"4":91,"5":91},"b":{},"meta":{"lastBranch":0,"lastFunction":6,"lastStatement":22,"seen":{"s:7:15:7:Infinity":0,"s:9:22:9:Infinity":1,"s:11:21:11:Infinity":2,"s:13:20:13:Infinity":3,"s:15:22:27:Infinity":4,"f:18:2:18:3":0,"s:19:2:26:Infinity":5,"s:28:0:28:Infinity":6,"s:30:22:51:Infinity":7,"f:33:2:33:3":1,"s:34:2:50:Infinity":8,"s:52:0:52:Infinity":9,"s:54:21:64:Infinity":10,"f:54:21:54:22":2,"s:58:2:64:Infinity":11,"s:66:0:66:Infinity":12,"s:68:21:78:Infinity":13,"f:68:21:68:22":3,"s:72:2:78:Infinity":14,"s:80:0:80:Infinity":15,"s:82:20:94:Infinity":16,"f:85:2:85:3":4,"s:86:2:93:Infinity":17,"s:95:0:95:Infinity":18,"s:97:26:106:Infinity":19,"f:100:2:100:3":5,"s:101:2:105:Infinity":20,"s:107:0:107:Infinity":21}}}
,"C:\\projetos\\gerencimento-cursos-front-2.0\\src\\components\\ui\\input.tsx": {"path":"C:\\projetos\\gerencimento-cursos-front-2.0\\src\\components\\ui\\input.tsx","statementMap":{"0":{"start":{"line":5,"column":14},"end":{"line":19,"column":null}},"1":{"start":{"line":7,"column":4},"end":{"line":16,"column":null}},"2":{"start":{"line":20,"column":0},"end":{"line":20,"column":null}}},"fnMap":{"0":{"name":"(anonymous_0)","decl":{"start":{"line":6,"column":2},"end":{"line":6,"column":3}},"loc":{"start":{"line":6,"column":42},"end":{"line":18,"column":null}},"line":6}},"branchMap":{},"s":{"0":2,"1":235,"2":2},"f":{"0":235},"b":{},"meta":{"lastBranch":0,"lastFunction":1,"lastStatement":3,"seen":{"s:5:14:19:Infinity":0,"f:6:2:6:3":0,"s:7:4:16:Infinity":1,"s:20:0:20:Infinity":2}}}
,"C:\\projetos\\gerencimento-cursos-front-2.0\\src\\components\\ui\\label.tsx": {"path":"C:\\projetos\\gerencimento-cursos-front-2.0\\src\\components\\ui\\label.tsx","statementMap":{"0":{"start":{"line":7,"column":6},"end":{"line":9,"column":null}},"1":{"start":{"line":11,"column":14},"end":{"line":21,"column":null}},"2":{"start":{"line":16,"column":2},"end":{"line":20,"column":null}},"3":{"start":{"line":22,"column":0},"end":{"line":22,"column":null}}},"fnMap":{"0":{"name":"(anonymous_0)","decl":{"start":{"line":15,"column":2},"end":{"line":15,"column":3}},"loc":{"start":{"line":16,"column":2},"end":{"line":20,"column":null}},"line":16}},"branchMap":{},"s":{"0":3,"1":3,"2":251,"3":3},"f":{"0":251},"b":{},"meta":{"lastBranch":0,"lastFunction":1,"lastStatement":4,"seen":{"s:7:6:9:Infinity":0,"s:11:14:21:Infinity":1,"f:15:2:15:3":0,"s:16:2:20:Infinity":2,"s:22:0:22:Infinity":3}}}
,"C:\\projetos\\gerencimento-cursos-front-2.0\\src\\components\\ui\\select.tsx": {"path":"C:\\projetos\\gerencimento-cursos-front-2.0\\src\\components\\ui\\select.tsx","statementMap":{"0":{"start":{"line":7,"column":15},"end":{"line":7,"column":null}},"1":{"start":{"line":9,"column":20},"end":{"line":9,"column":null}},"2":{"start":{"line":11,"column":20},"end":{"line":11,"column":null}},"3":{"start":{"line":13,"column":22},"end":{"line":30,"column":null}},"4":{"start":{"line":17,"column":2},"end":{"line":29,"column":null}},"5":{"start":{"line":31,"column":0},"end":{"line":31,"column":null}},"6":{"start":{"line":33,"column":29},"end":{"line":47,"column":null}},"7":{"start":{"line":37,"column":2},"end":{"line":46,"column":null}},"8":{"start":{"line":48,"column":0},"end":{"line":48,"column":null}},"9":{"start":{"line":50,"column":31},"end":{"line":64,"column":null}},"10":{"start":{"line":54,"column":2},"end":{"line":63,"column":null}},"11":{"start":{"line":65,"column":0},"end":{"line":66,"column":null}},"12":{"start":{"line":68,"column":22},"end":{"line":97,"column":null}},"13":{"start":{"line":72,"column":2},"end":{"line":96,"column":null}},"14":{"start":{"line":98,"column":0},"end":{"line":98,"column":null}},"15":{"start":{"line":100,"column":20},"end":{"line":109,"column":null}},"16":{"start":{"line":104,"column":2},"end":{"line":108,"column":null}},"17":{"start":{"line":110,"column":0},"end":{"line":110,"column":null}},"18":{"start":{"line":112,"column":19},"end":{"line":131,"column":null}},"19":{"start":{"line":116,"column":2},"end":{"line":130,"column":null}},"20":{"start":{"line":132,"column":0},"end":{"line":132,"column":null}},"21":{"start":{"line":134,"column":24},"end":{"line":143,"column":null}},"22":{"start":{"line":138,"column":2},"end":{"line":142,"column":null}},"23":{"start":{"line":144,"column":0},"end":{"line":144,"column":null}}},"fnMap":{"0":{"name":"(anonymous_0)","decl":{"start":{"line":16,"column":2},"end":{"line":16,"column":3}},"loc":{"start":{"line":17,"column":2},"end":{"line":29,"column":null}},"line":17},"1":{"name":"(anonymous_1)","decl":{"start":{"line":36,"column":2},"end":{"line":36,"column":3}},"loc":{"start":{"line":37,"column":2},"end":{"line":46,"column":null}},"line":37},"2":{"name":"(anonymous_2)","decl":{"start":{"line":53,"column":2},"end":{"line":53,"column":3}},"loc":{"start":{"line":54,"column":2},"end":{"line":63,"column":null}},"line":54},"3":{"name":"(anonymous_3)","decl":{"start":{"line":71,"column":2},"end":{"line":71,"column":3}},"loc":{"start":{"line":72,"column":2},"end":{"line":96,"column":null}},"line":72},"4":{"name":"(anonymous_4)","decl":{"start":{"line":103,"column":2},"end":{"line":103,"column":3}},"loc":{"start":{"line":104,"column":2},"end":{"line":108,"column":null}},"line":104},"5":{"name":"(anonymous_5)","decl":{"start":{"line":115,"column":2},"end":{"line":115,"column":3}},"loc":{"start":{"line":116,"column":2},"end":{"line":130,"column":null}},"line":116},"6":{"name":"(anonymous_6)","decl":{"start":{"line":137,"column":2},"end":{"line":137,"column":3}},"loc":{"start":{"line":138,"column":2},"end":{"line":142,"column":null}},"line":138}},"branchMap":{"0":{"loc":{"start":{"line":71,"column":26},"end":{"line":71,"column":47}},"type":"default-arg","locations":[{"start":{"line":71,"column":37},"end":{"line":71,"column":47}}],"line":71},"1":{"loc":{"start":{"line":77,"column":8},"end":{"line":78,"column":null}},"type":"binary-expr","locations":[{"start":{"line":77,"column":8},"end":{"line":77,"column":null}},{"start":{"line":78,"column":10},"end":{"line":78,"column":null}}],"line":77},"2":{"loc":{"start":{"line":88,"column":10},"end":{"line":89,"column":null}},"type":"binary-expr","locations":[{"start":{"line":88,"column":10},"end":{"line":88,"column":null}},{"start":{"line":89,"column":12},"end":{"line":89,"column":null}}],"line":88}},"s":{"0":1,"1":1,"2":1,"3":1,"4":16,"5":1,"6":1,"7":16,"8":1,"9":1,"10":16,"11":1,"12":1,"13":16,"14":1,"15":1,"16":0,"17":1,"18":1,"19":10,"20":1,"21":1,"22":0,"23":1},"f":{"0":16,"1":16,"2":16,"3":16,"4":0,"5":10,"6":0},"b":{"0":[16],"1":[16,16],"2":[16,16]},"meta":{"lastBranch":3,"lastFunction":7,"lastStatement":24,"seen":{"s:7:15:7:Infinity":0,"s:9:20:9:Infinity":1,"s:11:20:11:Infinity":2,"s:13:22:30:Infinity":3,"f:16:2:16:3":0,"s:17:2:29:Infinity":4,"s:31:0:31:Infinity":5,"s:33:29:47:Infinity":6,"f:36:2:36:3":1,"s:37:2:46:Infinity":7,"s:48:0:48:Infinity":8,"s:50:31:64:Infinity":9,"f:53:2:53:3":2,"s:54:2:63:Infinity":10,"s:65:0:66:Infinity":11,"s:68:22:97:Infinity":12,"f:71:2:71:3":3,"s:72:2:96:Infinity":13,"b:71:37:71:47":0,"b:77:8:77:Infinity:78:10:78:Infinity":1,"b:88:10:88:Infinity:89:12:89:Infinity":2,"s:98:0:98:Infinity":14,"s:100:20:109:Infinity":15,"f:103:2:103:3":4,"s:104:2:108:Infinity":16,"s:110:0:110:Infinity":17,"s:112:19:131:Infinity":18,"f:115:2:115:3":5,"s:116:2:130:Infinity":19,"s:132:0:132:Infinity":20,"s:134:24:143:Infinity":21,"f:137:2:137:3":6,"s:138:2:142:Infinity":22,"s:144:0:144:Infinity":23}}}
,"C:\\projetos\\gerencimento-cursos-front-2.0\\src\\components\\ui\\table.tsx": {"path":"C:\\projetos\\gerencimento-cursos-front-2.0\\src\\components\\ui\\table.tsx","statementMap":{"0":{"start":{"line":5,"column":14},"end":{"line":16,"column":null}},"1":{"start":{"line":9,"column":2},"end":{"line":15,"column":null}},"2":{"start":{"line":17,"column":0},"end":{"line":17,"column":null}},"3":{"start":{"line":19,"column":20},"end":{"line":24,"column":null}},"4":{"start":{"line":23,"column":2},"end":{"line":23,"column":null}},"5":{"start":{"line":25,"column":0},"end":{"line":25,"column":null}},"6":{"start":{"line":27,"column":18},"end":{"line":36,"column":null}},"7":{"start":{"line":31,"column":2},"end":{"line":35,"column":null}},"8":{"start":{"line":37,"column":0},"end":{"line":37,"column":null}},"9":{"start":{"line":39,"column":20},"end":{"line":51,"column":null}},"10":{"start":{"line":43,"column":2},"end":{"line":50,"column":null}},"11":{"start":{"line":52,"column":0},"end":{"line":52,"column":null}},"12":{"start":{"line":54,"column":17},"end":{"line":66,"column":null}},"13":{"start":{"line":58,"column":2},"end":{"line":65,"column":null}},"14":{"start":{"line":67,"column":0},"end":{"line":67,"column":null}},"15":{"start":{"line":69,"column":18},"end":{"line":81,"column":null}},"16":{"start":{"line":73,"column":2},"end":{"line":80,"column":null}},"17":{"start":{"line":82,"column":0},"end":{"line":82,"column":null}},"18":{"start":{"line":84,"column":18},"end":{"line":96,"column":null}},"19":{"start":{"line":88,"column":2},"end":{"line":95,"column":null}},"20":{"start":{"line":97,"column":0},"end":{"line":97,"column":null}},"21":{"start":{"line":99,"column":21},"end":{"line":108,"column":null}},"22":{"start":{"line":103,"column":2},"end":{"line":107,"column":null}},"23":{"start":{"line":109,"column":0},"end":{"line":109,"column":null}}},"fnMap":{"0":{"name":"(anonymous_0)","decl":{"start":{"line":8,"column":2},"end":{"line":8,"column":3}},"loc":{"start":{"line":9,"column":2},"end":{"line":15,"column":null}},"line":9},"1":{"name":"(anonymous_1)","decl":{"start":{"line":22,"column":2},"end":{"line":22,"column":3}},"loc":{"start":{"line":23,"column":2},"end":{"line":23,"column":null}},"line":23},"2":{"name":"(anonymous_2)","decl":{"start":{"line":30,"column":2},"end":{"line":30,"column":3}},"loc":{"start":{"line":31,"column":2},"end":{"line":35,"column":null}},"line":31},"3":{"name":"(anonymous_3)","decl":{"start":{"line":42,"column":2},"end":{"line":42,"column":3}},"loc":{"start":{"line":43,"column":2},"end":{"line":50,"column":null}},"line":43},"4":{"name":"(anonymous_4)","decl":{"start":{"line":57,"column":2},"end":{"line":57,"column":3}},"loc":{"start":{"line":58,"column":2},"end":{"line":65,"column":null}},"line":58},"5":{"name":"(anonymous_5)","decl":{"start":{"line":72,"column":2},"end":{"line":72,"column":3}},"loc":{"start":{"line":73,"column":2},"end":{"line":80,"column":null}},"line":73},"6":{"name":"(anonymous_6)","decl":{"start":{"line":87,"column":2},"end":{"line":87,"column":3}},"loc":{"start":{"line":88,"column":2},"end":{"line":95,"column":null}},"line":88},"7":{"name":"(anonymous_7)","decl":{"start":{"line":102,"column":2},"end":{"line":102,"column":3}},"loc":{"start":{"line":103,"column":2},"end":{"line":107,"column":null}},"line":103}},"branchMap":{},"s":{"0":3,"1":99,"2":3,"3":3,"4":99,"5":3,"6":3,"7":99,"8":3,"9":3,"10":0,"11":3,"12":3,"13":297,"14":3,"15":3,"16":458,"17":3,"18":3,"19":916,"20":3,"21":3,"22":0,"23":3},"f":{"0":99,"1":99,"2":99,"3":0,"4":297,"5":458,"6":916,"7":0},"b":{},"meta":{"lastBranch":0,"lastFunction":8,"lastStatement":24,"seen":{"s:5:14:16:Infinity":0,"f:8:2:8:3":0,"s:9:2:15:Infinity":1,"s:17:0:17:Infinity":2,"s:19:20:24:Infinity":3,"f:22:2:22:3":1,"s:23:2:23:Infinity":4,"s:25:0:25:Infinity":5,"s:27:18:36:Infinity":6,"f:30:2:30:3":2,"s:31:2:35:Infinity":7,"s:37:0:37:Infinity":8,"s:39:20:51:Infinity":9,"f:42:2:42:3":3,"s:43:2:50:Infinity":10,"s:52:0:52:Infinity":11,"s:54:17:66:Infinity":12,"f:57:2:57:3":4,"s:58:2:65:Infinity":13,"s:67:0:67:Infinity":14,"s:69:18:81:Infinity":15,"f:72:2:72:3":5,"s:73:2:80:Infinity":16,"s:82:0:82:Infinity":17,"s:84:18:96:Infinity":18,"f:87:2:87:3":6,"s:88:2:95:Infinity":19,"s:97:0:97:Infinity":20,"s:99:21:108:Infinity":21,"f:102:2:102:3":7,"s:103:2:107:Infinity":22,"s:109:0:109:Infinity":23}}}
,"C:\\projetos\\gerencimento-cursos-front-2.0\\src\\lib\\utils.ts": {"path":"C:\\projetos\\gerencimento-cursos-front-2.0\\src\\lib\\utils.ts","statementMap":{"0":{"start":{"line":5,"column":2},"end":{"line":5,"column":null}}},"fnMap":{"0":{"name":"cn","decl":{"start":{"line":4,"column":16},"end":{"line":4,"column":22}},"loc":{"start":{"line":4,"column":44},"end":{"line":6,"column":null}},"line":4}},"branchMap":{},"s":{"0":4912},"f":{"0":4912},"b":{},"meta":{"lastBranch":0,"lastFunction":1,"lastStatement":1,"seen":{"f:4:16:4:22":0,"s:5:2:5:Infinity":0}}}
,"C:\\projetos\\gerencimento-cursos-front-2.0\\src\\pages\\AlunosPage.tsx": {"path":"C:\\projetos\\gerencimento-cursos-front-2.0\\src\\pages\\AlunosPage.tsx","statementMap":{"0":{"start":{"line":15,"column":26},"end":{"line":15,"column":null}},"1":{"start":{"line":16,"column":28},"end":{"line":16,"column":null}},"2":{"start":{"line":17,"column":30},"end":{"line":17,"column":null}},"3":{"start":{"line":18,"column":38},"end":{"line":18,"column":null}},"4":{"start":{"line":19,"column":30},"end":{"line":19,"column":null}},"5":{"start":{"line":20,"column":38},"end":{"line":20,"column":null}},"6":{"start":{"line":21,"column":16},"end":{"line":21,"column":null}},"7":{"start":{"line":23,"column":22},"end":{"line":37,"column":null}},"8":{"start":{"line":24,"column":4},"end":{"line":36,"column":null}},"9":{"start":{"line":25,"column":6},"end":{"line":25,"column":null}},"10":{"start":{"line":26,"column":23},"end":{"line":26,"column":null}},"11":{"start":{"line":27,"column":6},"end":{"line":27,"column":null}},"12":{"start":{"line":29,"column":6},"end":{"line":33,"column":null}},"13":{"start":{"line":35,"column":6},"end":{"line":35,"column":null}},"14":{"start":{"line":39,"column":2},"end":{"line":41,"column":null}},"15":{"start":{"line":40,"column":4},"end":{"line":40,"column":null}},"16":{"start":{"line":43,"column":23},"end":{"line":82,"column":null}},"17":{"start":{"line":44,"column":4},"end":{"line":44,"column":null}},"18":{"start":{"line":45,"column":4},"end":{"line":81,"column":null}},"19":{"start":{"line":46,"column":33},"end":{"line":50,"column":null}},"20":{"start":{"line":52,"column":6},"end":{"line":64,"column":null}},"21":{"start":{"line":53,"column":8},"end":{"line":53,"column":null}},"22":{"start":{"line":54,"column":8},"end":{"line":57,"column":null}},"23":{"start":{"line":59,"column":8},"end":{"line":59,"column":null}},"24":{"start":{"line":60,"column":8},"end":{"line":63,"column":null}},"25":{"start":{"line":65,"column":6},"end":{"line":65,"column":null}},"26":{"start":{"line":66,"column":6},"end":{"line":66,"column":null}},"27":{"start":{"line":68,"column":25},"end":{"line":68,"column":null}},"28":{"start":{"line":70,"column":6},"end":{"line":74,"column":null}},"29":{"start":{"line":71,"column":8},"end":{"line":71,"column":null}},"30":{"start":{"line":72,"column":6},"end":{"line":74,"column":null}},"31":{"start":{"line":73,"column":8},"end":{"line":73,"column":null}},"32":{"start":{"line":76,"column":6},"end":{"line":80,"column":null}},"33":{"start":{"line":84,"column":28},"end":{"line":86,"column":null}},"34":{"start":{"line":85,"column":4},"end":{"line":85,"column":null}},"35":{"start":{"line":88,"column":30},"end":{"line":107,"column":null}},"36":{"start":{"line":89,"column":4},"end":{"line":89,"column":null}},"37":{"start":{"line":89,"column":29},"end":{"line":89,"column":null}},"38":{"start":{"line":91,"column":4},"end":{"line":106,"column":null}},"39":{"start":{"line":92,"column":6},"end":{"line":92,"column":null}},"40":{"start":{"line":93,"column":6},"end":{"line":96,"column":null}},"41":{"start":{"line":97,"column":6},"end":{"line":97,"column":null}},"42":{"start":{"line":99,"column":6},"end":{"line":103,"column":null}},"43":{"start":{"line":105,"column":6},"end":{"line":105,"column":null}},"44":{"start":{"line":109,"column":21},"end":{"line":117,"column":null}},"45":{"start":{"line":110,"column":4},"end":{"line":110,"column":null}},"46":{"start":{"line":111,"column":4},"end":{"line":115,"column":null}},"47":{"start":{"line":116,"column":4},"end":{"line":116,"column":null}},"48":{"start":{"line":119,"column":20},"end":{"line":123,"column":null}},"49":{"start":{"line":120,"column":4},"end":{"line":120,"column":null}},"50":{"start":{"line":121,"column":4},"end":{"line":121,"column":null}},"51":{"start":{"line":122,"column":4},"end":{"line":122,"column":null}},"52":{"start":{"line":125,"column":29},"end":{"line":130,"column":null}},"53":{"start":{"line":126,"column":4},"end":{"line":126,"column":null}},"54":{"start":{"line":127,"column":4},"end":{"line":129,"column":null}},"55":{"start":{"line":128,"column":6},"end":{"line":128,"column":null}},"56":{"start":{"line":132,"column":21},"end":{"line":134,"column":null}},"57":{"start":{"line":133,"column":4},"end":{"line":133,"column":null}},"58":{"start":{"line":136,"column":2},"end":{"line":271,"column":null}},"59":{"start":{"line":143,"column":31},"end":{"line":143,"column":50}},"60":{"start":{"line":164,"column":35},"end":{"line":164,"column":null}},"61":{"start":{"line":174,"column":35},"end":{"line":174,"column":null}},"62":{"start":{"line":184,"column":35},"end":{"line":184,"column":null}},"63":{"start":{"line":228,"column":18},"end":{"line":253,"column":null}},"64":{"start":{"line":240,"column":41},"end":{"line":240,"column":null}},"65":{"start":{"line":247,"column":41},"end":{"line":247,"column":null}},"66":{"start":{"line":263,"column":32},"end":{"line":263,"column":null}}},"fnMap":{"0":{"name":"AlunosPage","decl":{"start":{"line":14,"column":16},"end":{"line":14,"column":29}},"loc":{"start":{"line":14,"column":29},"end":{"line":273,"column":null}},"line":14},"1":{"name":"(anonymous_1)","decl":{"start":{"line":23,"column":22},"end":{"line":23,"column":34}},"loc":{"start":{"line":23,"column":34},"end":{"line":37,"column":null}},"line":23},"2":{"name":"(anonymous_2)","decl":{"start":{"line":39,"column":12},"end":{"line":39,"column":18}},"loc":{"start":{"line":39,"column":18},"end":{"line":41,"column":5}},"line":39},"3":{"name":"(anonymous_3)","decl":{"start":{"line":43,"column":23},"end":{"line":43,"column":30}},"loc":{"start":{"line":43,"column":53},"end":{"line":82,"column":null}},"line":43},"4":{"name":"(anonymous_4)","decl":{"start":{"line":84,"column":28},"end":{"line":84,"column":29}},"loc":{"start":{"line":84,"column":46},"end":{"line":86,"column":null}},"line":84},"5":{"name":"(anonymous_5)","decl":{"start":{"line":88,"column":30},"end":{"line":88,"column":42}},"loc":{"start":{"line":88,"column":42},"end":{"line":107,"column":null}},"line":88},"6":{"name":"(anonymous_6)","decl":{"start":{"line":109,"column":21},"end":{"line":109,"column":22}},"loc":{"start":{"line":109,"column":39},"end":{"line":117,"column":null}},"line":109},"7":{"name":"(anonymous_7)","decl":{"start":{"line":119,"column":20},"end":{"line":119,"column":26}},"loc":{"start":{"line":119,"column":26},"end":{"line":123,"column":null}},"line":119},"8":{"name":"(anonymous_8)","decl":{"start":{"line":125,"column":29},"end":{"line":125,"column":30}},"loc":{"start":{"line":125,"column":48},"end":{"line":130,"column":null}},"line":125},"9":{"name":"(anonymous_9)","decl":{"start":{"line":132,"column":21},"end":{"line":132,"column":22}},"loc":{"start":{"line":132,"column":45},"end":{"line":134,"column":null}},"line":132},"10":{"name":"(anonymous_10)","decl":{"start":{"line":143,"column":25},"end":{"line":143,"column":31}},"loc":{"start":{"line":143,"column":31},"end":{"line":143,"column":50}},"line":143},"11":{"name":"(anonymous_11)","decl":{"start":{"line":164,"column":28},"end":{"line":164,"column":29}},"loc":{"start":{"line":164,"column":35},"end":{"line":164,"column":null}},"line":164},"12":{"name":"(anonymous_12)","decl":{"start":{"line":174,"column":28},"end":{"line":174,"column":29}},"loc":{"start":{"line":174,"column":35},"end":{"line":174,"column":null}},"line":174},"13":{"name":"(anonymous_13)","decl":{"start":{"line":184,"column":28},"end":{"line":184,"column":29}},"loc":{"start":{"line":184,"column":35},"end":{"line":184,"column":null}},"line":184},"14":{"name":"(anonymous_14)","decl":{"start":{"line":227,"column":28},"end":{"line":227,"column":29}},"loc":{"start":{"line":228,"column":18},"end":{"line":253,"column":null}},"line":228},"15":{"name":"(anonymous_15)","decl":{"start":{"line":240,"column":35},"end":{"line":240,"column":41}},"loc":{"start":{"line":240,"column":41},"end":{"line":240,"column":null}},"line":240},"16":{"name":"(anonymous_16)","decl":{"start":{"line":247,"column":35},"end":{"line":247,"column":41}},"loc":{"start":{"line":247,"column":41},"end":{"line":247,"column":null}},"line":247},"17":{"name":"(anonymous_17)","decl":{"start":{"line":263,"column":22},"end":{"line":263,"column":23}},"loc":{"start":{"line":263,"column":32},"end":{"line":263,"column":null}},"line":263}},"branchMap":{"0":{"loc":{"start":{"line":52,"column":6},"end":{"line":64,"column":null}},"type":"if","locations":[{"start":{"line":52,"column":6},"end":{"line":64,"column":null}},{"start":{"line":58,"column":13},"end":{"line":64,"column":null}}],"line":52},"1":{"loc":{"start":{"line":70,"column":6},"end":{"line":74,"column":null}},"type":"if","locations":[{"start":{"line":70,"column":6},"end":{"line":74,"column":null}},{"start":{"line":72,"column":6},"end":{"line":74,"column":null}}],"line":70},"2":{"loc":{"start":{"line":70,"column":10},"end":{"line":70,"column":75}},"type":"binary-expr","locations":[{"start":{"line":70,"column":10},"end":{"line":70,"column":34}},{"start":{"line":70,"column":34},"end":{"line":70,"column":75}}],"line":70},"3":{"loc":{"start":{"line":72,"column":6},"end":{"line":74,"column":null}},"type":"if","locations":[{"start":{"line":72,"column":6},"end":{"line":74,"column":null}},{"start":{},"end":{}}],"line":72},"4":{"loc":{"start":{"line":89,"column":4},"end":{"line":89,"column":null}},"type":"if","locations":[{"start":{"line":89,"column":4},"end":{"line":89,"column":null}},{"start":{},"end":{}}],"line":89},"5":{"loc":{"start":{"line":127,"column":4},"end":{"line":129,"column":null}},"type":"if","locations":[{"start":{"line":127,"column":4},"end":{"line":129,"column":null}},{"start":{},"end":{}}],"line":127},"6":{"loc":{"start":{"line":152,"column":26},"end":{"line":152,"column":71}},"type":"cond-expr","locations":[{"start":{"line":152,"column":41},"end":{"line":152,"column":58}},{"start":{"line":152,"column":58},"end":{"line":152,"column":71}}],"line":152},"7":{"loc":{"start":{"line":154,"column":15},"end":{"line":154,"column":null}},"type":"cond-expr","locations":[{"start":{"line":154,"column":30},"end":{"line":154,"column":67}},{"start":{"line":154,"column":67},"end":{"line":154,"column":null}}],"line":154},"8":{"loc":{"start":{"line":192,"column":17},"end":{"line":192,"column":58}},"type":"cond-expr","locations":[{"start":{"line":192,"column":32},"end":{"line":192,"column":46}},{"start":{"line":192,"column":46},"end":{"line":192,"column":58}}],"line":192},"9":{"loc":{"start":{"line":213,"column":11},"end":{"line":256,"column":null}},"type":"cond-expr","locations":[{"start":{"line":214,"column":12},"end":{"line":214,"column":null}},{"start":{"line":216,"column":12},"end":{"line":256,"column":null}}],"line":213}},"s":{"0":68,"1":68,"2":68,"3":68,"4":68,"5":68,"6":68,"7":68,"8":7,"9":7,"10":7,"11":7,"12":0,"13":7,"14":68,"15":6,"16":68,"17":2,"18":2,"19":2,"20":2,"21":0,"22":0,"23":2,"24":1,"25":1,"26":1,"27":1,"28":1,"29":1,"30":0,"31":0,"32":1,"33":68,"34":0,"35":68,"36":0,"37":0,"38":0,"39":0,"40":0,"41":0,"42":0,"43":0,"44":68,"45":0,"46":0,"47":0,"48":68,"49":1,"50":1,"51":1,"52":68,"53":0,"54":0,"55":0,"56":68,"57":124,"58":68,"59":4,"60":21,"61":29,"62":2,"63":124,"64":0,"65":0,"66":0},"f":{"0":68,"1":7,"2":6,"3":2,"4":0,"5":0,"6":0,"7":1,"8":0,"9":124,"10":4,"11":21,"12":29,"13":2,"14":124,"15":0,"16":0,"17":0},"b":{"0":[0,2],"1":[1,0],"2":[1,1],"3":[0,0],"4":[0,0],"5":[0,0],"6":[0,68],"7":[0,68],"8":[0,68],"9":[6,62]},"meta":{"lastBranch":10,"lastFunction":18,"lastStatement":67,"seen":{"f:14:16:14:29":0,"s:15:26:15:Infinity":0,"s:16:28:16:Infinity":1,"s:17:30:17:Infinity":2,"s:18:38:18:Infinity":3,"s:19:30:19:Infinity":4,"s:20:38:20:Infinity":5,"s:21:16:21:Infinity":6,"s:23:22:37:Infinity":7,"f:23:22:23:34":1,"s:24:4:36:Infinity":8,"s:25:6:25:Infinity":9,"s:26:23:26:Infinity":10,"s:27:6:27:Infinity":11,"s:29:6:33:Infinity":12,"s:35:6:35:Infinity":13,"s:39:2:41:Infinity":14,"f:39:12:39:18":2,"s:40:4:40:Infinity":15,"s:43:23:82:Infinity":16,"f:43:23:43:30":3,"s:44:4:44:Infinity":17,"s:45:4:81:Infinity":18,"s:46:33:50:Infinity":19,"b:52:6:64:Infinity:58:13:64:Infinity":0,"s:52:6:64:Infinity":20,"s:53:8:53:Infinity":21,"s:54:8:57:Infinity":22,"s:59:8:59:Infinity":23,"s:60:8:63:Infinity":24,"s:65:6:65:Infinity":25,"s:66:6:66:Infinity":26,"s:68:25:68:Infinity":27,"b:70:6:74:Infinity:72:6:74:Infinity":1,"s:70:6:74:Infinity":28,"b:70:10:70:34:70:34:70:75":2,"s:71:8:71:Infinity":29,"b:72:6:74:Infinity:undefined:undefined:undefined:undefined":3,"s:72:6:74:Infinity":30,"s:73:8:73:Infinity":31,"s:76:6:80:Infinity":32,"s:84:28:86:Infinity":33,"f:84:28:84:29":4,"s:85:4:85:Infinity":34,"s:88:30:107:Infinity":35,"f:88:30:88:42":5,"b:89:4:89:Infinity:undefined:undefined:undefined:undefined":4,"s:89:4:89:Infinity":36,"s:89:29:89:Infinity":37,"s:91:4:106:Infinity":38,"s:92:6:92:Infinity":39,"s:93:6:96:Infinity":40,"s:97:6:97:Infinity":41,"s:99:6:103:Infinity":42,"s:105:6:105:Infinity":43,"s:109:21:117:Infinity":44,"f:109:21:109:22":6,"s:110:4:110:Infinity":45,"s:111:4:115:Infinity":46,"s:116:4:116:Infinity":47,"s:119:20:123:Infinity":48,"f:119:20:119:26":7,"s:120:4:120:Infinity":49,"s:121:4:121:Infinity":50,"s:122:4:122:Infinity":51,"s:125:29:130:Infinity":52,"f:125:29:125:30":8,"s:126:4:126:Infinity":53,"b:127:4:129:Infinity:undefined:undefined:undefined:undefined":5,"s:127:4:129:Infinity":54,"s:128:6:128:Infinity":55,"s:132:21:134:Infinity":56,"f:132:21:132:22":9,"s:133:4:133:Infinity":57,"s:136:2:271:Infinity":58,"f:143:25:143:31":10,"s:143:31:143:50":59,"b:152:41:152:58:152:58:152:71":6,"b:154:30:154:67:154:67:154:Infinity":7,"f:164:28:164:29":11,"s:164:35:164:Infinity":60,"f:174:28:174:29":12,"s:174:35:174:Infinity":61,"f:184:28:184:29":13,"s:184:35:184:Infinity":62,"b:192:32:192:46:192:46:192:58":8,"b:214:12:214:Infinity:216:12:256:Infinity":9,"f:227:28:227:29":14,"s:228:18:253:Infinity":63,"f:240:35:240:41":15,"s:240:41:240:Infinity":64,"f:247:35:247:41":16,"s:247:41:247:Infinity":65,"f:263:22:263:23":17,"s:263:32:263:Infinity":66}}}
,"C:\\projetos\\gerencimento-cursos-front-2.0\\src\\pages\\CursosPage.tsx": {"path":"C:\\projetos\\gerencimento-cursos-front-2.0\\src\\pages\\CursosPage.tsx","statementMap":{"0":{"start":{"line":15,"column":26},"end":{"line":15,"column":null}},"1":{"start":{"line":16,"column":28},"end":{"line":16,"column":null}},"2":{"start":{"line":17,"column":30},"end":{"line":17,"column":null}},"3":{"start":{"line":18,"column":38},"end":{"line":18,"column":null}},"4":{"start":{"line":19,"column":30},"end":{"line":19,"column":null}},"5":{"start":{"line":20,"column":38},"end":{"line":20,"column":null}},"6":{"start":{"line":21,"column":16},"end":{"line":21,"column":null}},"7":{"start":{"line":23,"column":22},"end":{"line":37,"column":null}},"8":{"start":{"line":24,"column":4},"end":{"line":36,"column":null}},"9":{"start":{"line":25,"column":6},"end":{"line":25,"column":null}},"10":{"start":{"line":26,"column":23},"end":{"line":26,"column":null}},"11":{"start":{"line":27,"column":6},"end":{"line":27,"column":null}},"12":{"start":{"line":29,"column":6},"end":{"line":33,"column":null}},"13":{"start":{"line":35,"column":6},"end":{"line":35,"column":null}},"14":{"start":{"line":39,"column":2},"end":{"line":41,"column":null}},"15":{"start":{"line":40,"column":4},"end":{"line":40,"column":null}},"16":{"start":{"line":43,"column":23},"end":{"line":111,"column":null}},"17":{"start":{"line":44,"column":4},"end":{"line":44,"column":null}},"18":{"start":{"line":47,"column":4},"end":{"line":54,"column":null}},"19":{"start":{"line":48,"column":6},"end":{"line":52,"column":null}},"20":{"start":{"line":53,"column":6},"end":{"line":53,"column":null}},"21":{"start":{"line":56,"column":4},"end":{"line":63,"column":null}},"22":{"start":{"line":57,"column":6},"end":{"line":61,"column":null}},"23":{"start":{"line":62,"column":6},"end":{"line":62,"column":null}},"24":{"start":{"line":65,"column":4},"end":{"line":72,"column":null}},"25":{"start":{"line":66,"column":6},"end":{"line":70,"column":null}},"26":{"start":{"line":71,"column":6},"end":{"line":71,"column":null}},"27":{"start":{"line":74,"column":4},"end":{"line":110,"column":null}},"28":{"start":{"line":75,"column":33},"end":{"line":78,"column":null}},"29":{"start":{"line":80,"column":6},"end":{"line":92,"column":null}},"30":{"start":{"line":81,"column":8},"end":{"line":81,"column":null}},"31":{"start":{"line":82,"column":8},"end":{"line":85,"column":null}},"32":{"start":{"line":87,"column":8},"end":{"line":87,"column":null}},"33":{"start":{"line":88,"column":8},"end":{"line":91,"column":null}},"34":{"start":{"line":93,"column":6},"end":{"line":93,"column":null}},"35":{"start":{"line":94,"column":6},"end":{"line":94,"column":null}},"36":{"start":{"line":96,"column":6},"end":{"line":96,"column":null}},"37":{"start":{"line":97,"column":25},"end":{"line":97,"column":null}},"38":{"start":{"line":99,"column":6},"end":{"line":103,"column":null}},"39":{"start":{"line":100,"column":8},"end":{"line":100,"column":null}},"40":{"start":{"line":101,"column":6},"end":{"line":103,"column":null}},"41":{"start":{"line":102,"column":8},"end":{"line":102,"column":null}},"42":{"start":{"line":105,"column":6},"end":{"line":109,"column":null}},"43":{"start":{"line":113,"column":28},"end":{"line":115,"column":null}},"44":{"start":{"line":114,"column":4},"end":{"line":114,"column":null}},"45":{"start":{"line":117,"column":30},"end":{"line":136,"column":null}},"46":{"start":{"line":118,"column":4},"end":{"line":118,"column":null}},"47":{"start":{"line":118,"column":29},"end":{"line":118,"column":null}},"48":{"start":{"line":120,"column":4},"end":{"line":135,"column":null}},"49":{"start":{"line":121,"column":6},"end":{"line":121,"column":null}},"50":{"start":{"line":122,"column":6},"end":{"line":125,"column":null}},"51":{"start":{"line":126,"column":6},"end":{"line":126,"column":null}},"52":{"start":{"line":128,"column":6},"end":{"line":132,"column":null}},"53":{"start":{"line":134,"column":6},"end":{"line":134,"column":null}},"54":{"start":{"line":138,"column":21},"end":{"line":142,"column":null}},"55":{"start":{"line":139,"column":4},"end":{"line":139,"column":null}},"56":{"start":{"line":140,"column":4},"end":{"line":140,"column":null}},"57":{"start":{"line":141,"column":4},"end":{"line":141,"column":null}},"58":{"start":{"line":144,"column":20},"end":{"line":148,"column":null}},"59":{"start":{"line":145,"column":4},"end":{"line":145,"column":null}},"60":{"start":{"line":146,"column":4},"end":{"line":146,"column":null}},"61":{"start":{"line":147,"column":4},"end":{"line":147,"column":null}},"62":{"start":{"line":150,"column":29},"end":{"line":155,"column":null}},"63":{"start":{"line":151,"column":4},"end":{"line":151,"column":null}},"64":{"start":{"line":152,"column":4},"end":{"line":154,"column":null}},"65":{"start":{"line":153,"column":6},"end":{"line":153,"column":null}},"66":{"start":{"line":157,"column":2},"end":{"line":284,"column":null}},"67":{"start":{"line":164,"column":31},"end":{"line":164,"column":50}},"68":{"start":{"line":186,"column":35},"end":{"line":186,"column":null}},"69":{"start":{"line":198,"column":35},"end":{"line":198,"column":null}},"70":{"start":{"line":242,"column":18},"end":{"line":266,"column":null}},"71":{"start":{"line":253,"column":41},"end":{"line":253,"column":null}},"72":{"start":{"line":260,"column":41},"end":{"line":260,"column":null}},"73":{"start":{"line":276,"column":32},"end":{"line":276,"column":null}}},"fnMap":{"0":{"name":"CursosPage","decl":{"start":{"line":14,"column":16},"end":{"line":14,"column":29}},"loc":{"start":{"line":14,"column":29},"end":{"line":286,"column":null}},"line":14},"1":{"name":"(anonymous_1)","decl":{"start":{"line":23,"column":22},"end":{"line":23,"column":34}},"loc":{"start":{"line":23,"column":34},"end":{"line":37,"column":null}},"line":23},"2":{"name":"(anonymous_2)","decl":{"start":{"line":39,"column":12},"end":{"line":39,"column":18}},"loc":{"start":{"line":39,"column":18},"end":{"line":41,"column":5}},"line":39},"3":{"name":"(anonymous_3)","decl":{"start":{"line":43,"column":23},"end":{"line":43,"column":30}},"loc":{"start":{"line":43,"column":53},"end":{"line":111,"column":null}},"line":43},"4":{"name":"(anonymous_4)","decl":{"start":{"line":113,"column":28},"end":{"line":113,"column":29}},"loc":{"start":{"line":113,"column":46},"end":{"line":115,"column":null}},"line":113},"5":{"name":"(anonymous_5)","decl":{"start":{"line":117,"column":30},"end":{"line":117,"column":42}},"loc":{"start":{"line":117,"column":42},"end":{"line":136,"column":null}},"line":117},"6":{"name":"(anonymous_6)","decl":{"start":{"line":138,"column":21},"end":{"line":138,"column":22}},"loc":{"start":{"line":138,"column":39},"end":{"line":142,"column":null}},"line":138},"7":{"name":"(anonymous_7)","decl":{"start":{"line":144,"column":20},"end":{"line":144,"column":26}},"loc":{"start":{"line":144,"column":26},"end":{"line":148,"column":null}},"line":144},"8":{"name":"(anonymous_8)","decl":{"start":{"line":150,"column":29},"end":{"line":150,"column":30}},"loc":{"start":{"line":150,"column":48},"end":{"line":155,"column":null}},"line":150},"9":{"name":"(anonymous_9)","decl":{"start":{"line":164,"column":25},"end":{"line":164,"column":31}},"loc":{"start":{"line":164,"column":31},"end":{"line":164,"column":50}},"line":164},"10":{"name":"(anonymous_10)","decl":{"start":{"line":186,"column":28},"end":{"line":186,"column":29}},"loc":{"start":{"line":186,"column":35},"end":{"line":186,"column":null}},"line":186},"11":{"name":"(anonymous_11)","decl":{"start":{"line":198,"column":28},"end":{"line":198,"column":29}},"loc":{"start":{"line":198,"column":35},"end":{"line":198,"column":null}},"line":198},"12":{"name":"(anonymous_12)","decl":{"start":{"line":241,"column":28},"end":{"line":241,"column":29}},"loc":{"start":{"line":242,"column":18},"end":{"line":266,"column":null}},"line":242},"13":{"name":"(anonymous_13)","decl":{"start":{"line":253,"column":35},"end":{"line":253,"column":41}},"loc":{"start":{"line":253,"column":41},"end":{"line":253,"column":null}},"line":253},"14":{"name":"(anonymous_14)","decl":{"start":{"line":260,"column":35},"end":{"line":260,"column":41}},"loc":{"start":{"line":260,"column":41},"end":{"line":260,"column":null}},"line":260},"15":{"name":"(anonymous_15)","decl":{"start":{"line":276,"column":22},"end":{"line":276,"column":23}},"loc":{"start":{"line":276,"column":32},"end":{"line":276,"column":null}},"line":276}},"branchMap":{"0":{"loc":{"start":{"line":47,"column":4},"end":{"line":54,"column":null}},"type":"if","locations":[{"start":{"line":47,"column":4},"end":{"line":54,"column":null}},{"start":{},"end":{}}],"line":47},"1":{"loc":{"start":{"line":47,"column":8},"end":{"line":47,"column":61}},"type":"binary-expr","locations":[{"start":{"line":47,"column":8},"end":{"line":47,"column":33}},{"start":{"line":47,"column":33},"end":{"line":47,"column":61}}],"line":47},"2":{"loc":{"start":{"line":56,"column":4},"end":{"line":63,"column":null}},"type":"if","locations":[{"start":{"line":56,"column":4},"end":{"line":63,"column":null}},{"start":{},"end":{}}],"line":56},"3":{"loc":{"start":{"line":56,"column":8},"end":{"line":56,"column":78}},"type":"binary-expr","locations":[{"start":{"line":56,"column":8},"end":{"line":56,"column":43}},{"start":{"line":56,"column":43},"end":{"line":56,"column":78}}],"line":56},"4":{"loc":{"start":{"line":65,"column":4},"end":{"line":72,"column":null}},"type":"if","locations":[{"start":{"line":65,"column":4},"end":{"line":72,"column":null}},{"start":{},"end":{}}],"line":65},"5":{"loc":{"start":{"line":65,"column":8},"end":{"line":65,"column":89}},"type":"binary-expr","locations":[{"start":{"line":65,"column":8},"end":{"line":65,"column":49}},{"start":{"line":65,"column":49},"end":{"line":65,"column":89}}],"line":65},"6":{"loc":{"start":{"line":80,"column":6},"end":{"line":92,"column":null}},"type":"if","locations":[{"start":{"line":80,"column":6},"end":{"line":92,"column":null}},{"start":{"line":86,"column":13},"end":{"line":92,"column":null}}],"line":80},"7":{"loc":{"start":{"line":99,"column":6},"end":{"line":103,"column":null}},"type":"if","locations":[{"start":{"line":99,"column":6},"end":{"line":103,"column":null}},{"start":{"line":101,"column":6},"end":{"line":103,"column":null}}],"line":99},"8":{"loc":{"start":{"line":99,"column":10},"end":{"line":99,"column":75}},"type":"binary-expr","locations":[{"start":{"line":99,"column":10},"end":{"line":99,"column":34}},{"start":{"line":99,"column":34},"end":{"line":99,"column":75}}],"line":99},"9":{"loc":{"start":{"line":101,"column":6},"end":{"line":103,"column":null}},"type":"if","locations":[{"start":{"line":101,"column":6},"end":{"line":103,"column":null}},{"start":{},"end":{}}],"line":101},"10":{"loc":{"start":{"line":118,"column":4},"end":{"line":118,"column":null}},"type":"if","locations":[{"start":{"line":118,"column":4},"end":{"line":118,"column":null}},{"start":{},"end":{}}],"line":118},"11":{"loc":{"start":{"line":152,"column":4},"end":{"line":154,"column":null}},"type":"if","locations":[{"start":{"line":152,"column":4},"end":{"line":154,"column":null}},{"start":{},"end":{}}],"line":152},"12":{"loc":{"start":{"line":173,"column":26},"end":{"line":173,"column":71}},"type":"cond-expr","locations":[{"start":{"line":173,"column":41},"end":{"line":173,"column":58}},{"start":{"line":173,"column":58},"end":{"line":173,"column":71}}],"line":173},"13":{"loc":{"start":{"line":175,"column":15},"end":{"line":175,"column":null}},"type":"cond-expr","locations":[{"start":{"line":175,"column":30},"end":{"line":175,"column":67}},{"start":{"line":175,"column":67},"end":{"line":175,"column":null}}],"line":175},"14":{"loc":{"start":{"line":207,"column":17},"end":{"line":207,"column":54}},"type":"cond-expr","locations":[{"start":{"line":207,"column":32},"end":{"line":207,"column":46}},{"start":{"line":207,"column":46},"end":{"line":207,"column":54}}],"line":207},"15":{"loc":{"start":{"line":228,"column":11},"end":{"line":269,"column":null}},"type":"cond-expr","locations":[{"start":{"line":229,"column":12},"end":{"line":229,"column":null}},{"start":{"line":231,"column":12},"end":{"line":269,"column":null}}],"line":228}},"s":{"0":42,"1":42,"2":42,"3":42,"4":42,"5":42,"6":42,"7":42,"8":6,"9":6,"10":6,"11":6,"12":0,"13":6,"14":42,"15":5,"16":42,"17":1,"18":1,"19":0,"20":0,"21":1,"22":0,"23":0,"24":1,"25":0,"26":0,"27":1,"28":1,"29":1,"30":0,"31":0,"32":1,"33":1,"34":1,"35":1,"36":0,"37":0,"38":0,"39":0,"40":0,"41":0,"42":0,"43":42,"44":1,"45":42,"46":0,"47":0,"48":0,"49":0,"50":0,"51":0,"52":0,"53":0,"54":42,"55":0,"56":0,"57":0,"58":42,"59":1,"60":1,"61":1,"62":42,"63":0,"64":0,"65":0,"66":42,"67":2,"68":10,"69":19,"70":74,"71":0,"72":1,"73":0},"f":{"0":42,"1":6,"2":5,"3":1,"4":1,"5":0,"6":0,"7":1,"8":0,"9":2,"10":10,"11":19,"12":74,"13":0,"14":1,"15":0},"b":{"0":[0,1],"1":[1,1],"2":[0,1],"3":[1,1],"4":[0,1],"5":[1,1],"6":[0,1],"7":[0,0],"8":[0,0],"9":[0,0],"10":[0,0],"11":[0,0],"12":[0,42],"13":[0,42],"14":[0,42],"15":[5,37]},"meta":{"lastBranch":16,"lastFunction":16,"lastStatement":74,"seen":{"f:14:16:14:29":0,"s:15:26:15:Infinity":0,"s:16:28:16:Infinity":1,"s:17:30:17:Infinity":2,"s:18:38:18:Infinity":3,"s:19:30:19:Infinity":4,"s:20:38:20:Infinity":5,"s:21:16:21:Infinity":6,"s:23:22:37:Infinity":7,"f:23:22:23:34":1,"s:24:4:36:Infinity":8,"s:25:6:25:Infinity":9,"s:26:23:26:Infinity":10,"s:27:6:27:Infinity":11,"s:29:6:33:Infinity":12,"s:35:6:35:Infinity":13,"s:39:2:41:Infinity":14,"f:39:12:39:18":2,"s:40:4:40:Infinity":15,"s:43:23:111:Infinity":16,"f:43:23:43:30":3,"s:44:4:44:Infinity":17,"b:47:4:54:Infinity:undefined:undefined:undefined:undefined":0,"s:47:4:54:Infinity":18,"b:47:8:47:33:47:33:47:61":1,"s:48:6:52:Infinity":19,"s:53:6:53:Infinity":20,"b:56:4:63:Infinity:undefined:undefined:undefined:undefined":2,"s:56:4:63:Infinity":21,"b:56:8:56:43:56:43:56:78":3,"s:57:6:61:Infinity":22,"s:62:6:62:Infinity":23,"b:65:4:72:Infinity:undefined:undefined:undefined:undefined":4,"s:65:4:72:Infinity":24,"b:65:8:65:49:65:49:65:89":5,"s:66:6:70:Infinity":25,"s:71:6:71:Infinity":26,"s:74:4:110:Infinity":27,"s:75:33:78:Infinity":28,"b:80:6:92:Infinity:86:13:92:Infinity":6,"s:80:6:92:Infinity":29,"s:81:8:81:Infinity":30,"s:82:8:85:Infinity":31,"s:87:8:87:Infinity":32,"s:88:8:91:Infinity":33,"s:93:6:93:Infinity":34,"s:94:6:94:Infinity":35,"s:96:6:96:Infinity":36,"s:97:25:97:Infinity":37,"b:99:6:103:Infinity:101:6:103:Infinity":7,"s:99:6:103:Infinity":38,"b:99:10:99:34:99:34:99:75":8,"s:100:8:100:Infinity":39,"b:101:6:103:Infinity:undefined:undefined:undefined:undefined":9,"s:101:6:103:Infinity":40,"s:102:8:102:Infinity":41,"s:105:6:109:Infinity":42,"s:113:28:115:Infinity":43,"f:113:28:113:29":4,"s:114:4:114:Infinity":44,"s:117:30:136:Infinity":45,"f:117:30:117:42":5,"b:118:4:118:Infinity:undefined:undefined:undefined:undefined":10,"s:118:4:118:Infinity":46,"s:118:29:118:Infinity":47,"s:120:4:135:Infinity":48,"s:121:6:121:Infinity":49,"s:122:6:125:Infinity":50,"s:126:6:126:Infinity":51,"s:128:6:132:Infinity":52,"s:134:6:134:Infinity":53,"s:138:21:142:Infinity":54,"f:138:21:138:22":6,"s:139:4:139:Infinity":55,"s:140:4:140:Infinity":56,"s:141:4:141:Infinity":57,"s:144:20:148:Infinity":58,"f:144:20:144:26":7,"s:145:4:145:Infinity":59,"s:146:4:146:Infinity":60,"s:147:4:147:Infinity":61,"s:150:29:155:Infinity":62,"f:150:29:150:30":8,"s:151:4:151:Infinity":63,"b:152:4:154:Infinity:undefined:undefined:undefined:undefined":11,"s:152:4:154:Infinity":64,"s:153:6:153:Infinity":65,"s:157:2:284:Infinity":66,"f:164:25:164:31":9,"s:164:31:164:50":67,"b:173:41:173:58:173:58:173:71":12,"b:175:30:175:67:175:67:175:Infinity":13,"f:186:28:186:29":10,"s:186:35:186:Infinity":68,"f:198:28:198:29":11,"s:198:35:198:Infinity":69,"b:207:32:207:46:207:46:207:54":14,"b:229:12:229:Infinity:231:12:269:Infinity":15,"f:241:28:241:29":12,"s:242:18:266:Infinity":70,"f:253:35:253:41":13,"s:253:41:253:Infinity":71,"f:260:35:260:41":14,"s:260:41:260:Infinity":72,"f:276:22:276:23":15,"s:276:32:276:Infinity":73}}}
,"C:\\projetos\\gerencimento-cursos-front-2.0\\src\\pages\\HomePage.tsx": {"path":"C:\\projetos\\gerencimento-cursos-front-2.0\\src\\pages\\HomePage.tsx","statementMap":{"0":{"start":{"line":5,"column":16},"end":{"line":10,"column":null}},"1":{"start":{"line":12,"column":2},"end":{"line":88,"column":null}},"2":{"start":{"line":25,"column":10},"end":{"line":37,"column":null}}},"fnMap":{"0":{"name":"HomePage","decl":{"start":{"line":4,"column":16},"end":{"line":4,"column":27}},"loc":{"start":{"line":4,"column":27},"end":{"line":90,"column":null}},"line":4},"1":{"name":"(anonymous_1)","decl":{"start":{"line":24,"column":19},"end":{"line":24,"column":20}},"loc":{"start":{"line":25,"column":10},"end":{"line":37,"column":null}},"line":25}},"branchMap":{},"s":{"0":4,"1":4,"2":16},"f":{"0":4,"1":16},"b":{},"meta":{"lastBranch":0,"lastFunction":2,"lastStatement":3,"seen":{"f:4:16:4:27":0,"s:5:16:10:Infinity":0,"s:12:2:88:Infinity":1,"f:24:19:24:20":1,"s:25:10:37:Infinity":2}}}
,"C:\\projetos\\gerencimento-cursos-front-2.0\\src\\pages\\MatriculasPage.tsx": {"path":"C:\\projetos\\gerencimento-cursos-front-2.0\\src\\pages\\MatriculasPage.tsx","statementMap":{"0":{"start":{"line":14,"column":24},"end":{"line":14,"column":null}},"1":{"start":{"line":15,"column":26},"end":{"line":15,"column":null}},"2":{"start":{"line":16,"column":26},"end":{"line":16,"column":null}},"3":{"start":{"line":17,"column":28},"end":{"line":17,"column":null}},"4":{"start":{"line":18,"column":30},"end":{"line":18,"column":null}},"5":{"start":{"line":19,"column":30},"end":{"line":19,"column":null}},"6":{"start":{"line":20,"column":58},"end":{"line":20,"column":null}},"7":{"start":{"line":21,"column":50},"end":{"line":21,"column":null}},"8":{"start":{"line":22,"column":46},"end":{"line":22,"column":null}},"9":{"start":{"line":23,"column":16},"end":{"line":23,"column":null}},"10":{"start":{"line":25,"column":20},"end":{"line":56,"column":null}},"11":{"start":{"line":26,"column":4},"end":{"line":55,"column":null}},"12":{"start":{"line":27,"column":6},"end":{"line":27,"column":null}},"13":{"start":{"line":30,"column":37},"end":{"line":33,"column":null}},"14":{"start":{"line":35,"column":6},"end":{"line":35,"column":null}},"15":{"start":{"line":36,"column":6},"end":{"line":36,"column":null}},"16":{"start":{"line":39,"column":6},"end":{"line":44,"column":null}},"17":{"start":{"line":40,"column":30},"end":{"line":40,"column":null}},"18":{"start":{"line":41,"column":8},"end":{"line":41,"column":null}},"19":{"start":{"line":43,"column":8},"end":{"line":43,"column":null}},"20":{"start":{"line":47,"column":6},"end":{"line":47,"column":null}},"21":{"start":{"line":48,"column":6},"end":{"line":52,"column":null}},"22":{"start":{"line":54,"column":6},"end":{"line":54,"column":null}},"23":{"start":{"line":58,"column":2},"end":{"line":60,"column":null}},"24":{"start":{"line":59,"column":4},"end":{"line":59,"column":null}},"25":{"start":{"line":62,"column":23},"end":{"line":91,"column":null}},"26":{"start":{"line":63,"column":4},"end":{"line":63,"column":null}},"27":{"start":{"line":64,"column":4},"end":{"line":90,"column":null}},"28":{"start":{"line":65,"column":43},"end":{"line":68,"column":null}},"29":{"start":{"line":70,"column":6},"end":{"line":70,"column":null}},"30":{"start":{"line":71,"column":6},"end":{"line":74,"column":null}},"31":{"start":{"line":75,"column":6},"end":{"line":75,"column":null}},"32":{"start":{"line":77,"column":25},"end":{"line":77,"column":null}},"33":{"start":{"line":79,"column":6},"end":{"line":83,"column":null}},"34":{"start":{"line":80,"column":8},"end":{"line":80,"column":null}},"35":{"start":{"line":81,"column":6},"end":{"line":83,"column":null}},"36":{"start":{"line":82,"column":8},"end":{"line":82,"column":null}},"37":{"start":{"line":85,"column":6},"end":{"line":89,"column":null}},"38":{"start":{"line":93,"column":20},"end":{"line":96,"column":null}},"39":{"start":{"line":94,"column":4},"end":{"line":94,"column":null}},"40":{"start":{"line":95,"column":4},"end":{"line":95,"column":null}},"41":{"start":{"line":98,"column":29},"end":{"line":103,"column":null}},"42":{"start":{"line":99,"column":4},"end":{"line":99,"column":null}},"43":{"start":{"line":100,"column":4},"end":{"line":102,"column":null}},"44":{"start":{"line":101,"column":6},"end":{"line":101,"column":null}},"45":{"start":{"line":105,"column":32},"end":{"line":133,"column":null}},"46":{"start":{"line":106,"column":4},"end":{"line":109,"column":null}},"47":{"start":{"line":107,"column":6},"end":{"line":107,"column":null}},"48":{"start":{"line":108,"column":6},"end":{"line":108,"column":null}},"49":{"start":{"line":111,"column":4},"end":{"line":132,"column":null}},"50":{"start":{"line":112,"column":6},"end":{"line":112,"column":null}},"51":{"start":{"line":113,"column":23},"end":{"line":113,"column":null}},"52":{"start":{"line":114,"column":6},"end":{"line":114,"column":null}},"53":{"start":{"line":116,"column":6},"end":{"line":129,"column":null}},"54":{"start":{"line":117,"column":8},"end":{"line":117,"column":null}},"55":{"start":{"line":118,"column":8},"end":{"line":121,"column":null}},"56":{"start":{"line":123,"column":8},"end":{"line":127,"column":null}},"57":{"start":{"line":128,"column":8},"end":{"line":128,"column":null}},"58":{"start":{"line":131,"column":6},"end":{"line":131,"column":null}},"59":{"start":{"line":137,"column":21},"end":{"line":139,"column":null}},"60":{"start":{"line":138,"column":4},"end":{"line":138,"column":null}},"61":{"start":{"line":141,"column":16},"end":{"line":145,"column":null}},"62":{"start":{"line":147,"column":2},"end":{"line":341,"column":null}},"63":{"start":{"line":155,"column":25},"end":{"line":155,"column":null}},"64":{"start":{"line":178,"column":10},"end":{"line":190,"column":null}},"65":{"start":{"line":208,"column":44},"end":{"line":208,"column":null}},"66":{"start":{"line":220,"column":24},"end":{"line":222,"column":null}},"67":{"start":{"line":232,"column":44},"end":{"line":232,"column":null}},"68":{"start":{"line":244,"column":24},"end":{"line":246,"column":null}},"69":{"start":{"line":279,"column":16},"end":{"line":279,"column":null}},"70":{"start":{"line":280,"column":16},"end":{"line":280,"column":null}},"71":{"start":{"line":288,"column":18},"end":{"line":290,"column":null}},"72":{"start":{"line":299,"column":58},"end":{"line":299,"column":100}},"73":{"start":{"line":316,"column":22},"end":{"line":328,"column":null}}},"fnMap":{"0":{"name":"MatriculasPage","decl":{"start":{"line":13,"column":16},"end":{"line":13,"column":33}},"loc":{"start":{"line":13,"column":33},"end":{"line":343,"column":null}},"line":13},"1":{"name":"(anonymous_1)","decl":{"start":{"line":25,"column":20},"end":{"line":25,"column":32}},"loc":{"start":{"line":25,"column":32},"end":{"line":56,"column":null}},"line":25},"2":{"name":"(anonymous_2)","decl":{"start":{"line":58,"column":12},"end":{"line":58,"column":18}},"loc":{"start":{"line":58,"column":18},"end":{"line":60,"column":5}},"line":58},"3":{"name":"(anonymous_3)","decl":{"start":{"line":62,"column":23},"end":{"line":62,"column":30}},"loc":{"start":{"line":62,"column":53},"end":{"line":91,"column":null}},"line":62},"4":{"name":"(anonymous_4)","decl":{"start":{"line":93,"column":20},"end":{"line":93,"column":26}},"loc":{"start":{"line":93,"column":26},"end":{"line":96,"column":null}},"line":93},"5":{"name":"(anonymous_5)","decl":{"start":{"line":98,"column":29},"end":{"line":98,"column":30}},"loc":{"start":{"line":98,"column":48},"end":{"line":103,"column":null}},"line":98},"6":{"name":"(anonymous_6)","decl":{"start":{"line":105,"column":32},"end":{"line":105,"column":39}},"loc":{"start":{"line":105,"column":59},"end":{"line":133,"column":null}},"line":105},"7":{"name":"(anonymous_7)","decl":{"start":{"line":137,"column":21},"end":{"line":137,"column":22}},"loc":{"start":{"line":137,"column":45},"end":{"line":139,"column":null}},"line":137},"8":{"name":"(anonymous_8)","decl":{"start":{"line":155,"column":19},"end":{"line":155,"column":25}},"loc":{"start":{"line":155,"column":25},"end":{"line":155,"column":null}},"line":155},"9":{"name":"(anonymous_9)","decl":{"start":{"line":177,"column":19},"end":{"line":177,"column":20}},"loc":{"start":{"line":178,"column":10},"end":{"line":190,"column":null}},"line":178},"10":{"name":"(anonymous_10)","decl":{"start":{"line":208,"column":33},"end":{"line":208,"column":34}},"loc":{"start":{"line":208,"column":44},"end":{"line":208,"column":null}},"line":208},"11":{"name":"(anonymous_11)","decl":{"start":{"line":219,"column":33},"end":{"line":219,"column":34}},"loc":{"start":{"line":220,"column":24},"end":{"line":222,"column":null}},"line":220},"12":{"name":"(anonymous_12)","decl":{"start":{"line":232,"column":33},"end":{"line":232,"column":34}},"loc":{"start":{"line":232,"column":44},"end":{"line":232,"column":null}},"line":232},"13":{"name":"(anonymous_13)","decl":{"start":{"line":243,"column":33},"end":{"line":243,"column":34}},"loc":{"start":{"line":244,"column":24},"end":{"line":246,"column":null}},"line":244},"14":{"name":"(anonymous_14)","decl":{"start":{"line":278,"column":29},"end":{"line":278,"column":30}},"loc":{"start":{"line":278,"column":40},"end":{"line":281,"column":null}},"line":278},"15":{"name":"(anonymous_15)","decl":{"start":{"line":287,"column":28},"end":{"line":287,"column":29}},"loc":{"start":{"line":288,"column":18},"end":{"line":290,"column":null}},"line":288},"16":{"name":"(anonymous_16)","decl":{"start":{"line":299,"column":53},"end":{"line":299,"column":58}},"loc":{"start":{"line":299,"column":58},"end":{"line":299,"column":100}},"line":299},"17":{"name":"(anonymous_17)","decl":{"start":{"line":315,"column":44},"end":{"line":315,"column":45}},"loc":{"start":{"line":316,"column":22},"end":{"line":328,"column":null}},"line":316}},"branchMap":{"0":{"loc":{"start":{"line":79,"column":6},"end":{"line":83,"column":null}},"type":"if","locations":[{"start":{"line":79,"column":6},"end":{"line":83,"column":null}},{"start":{"line":81,"column":6},"end":{"line":83,"column":null}}],"line":79},"1":{"loc":{"start":{"line":80,"column":23},"end":{"line":80,"column":null}},"type":"binary-expr","locations":[{"start":{"line":80,"column":23},"end":{"line":80,"column":47}},{"start":{"line":80,"column":47},"end":{"line":80,"column":null}}],"line":80},"2":{"loc":{"start":{"line":81,"column":6},"end":{"line":83,"column":null}},"type":"if","locations":[{"start":{"line":81,"column":6},"end":{"line":83,"column":null}},{"start":{},"end":{}}],"line":81},"3":{"loc":{"start":{"line":81,"column":17},"end":{"line":81,"column":82}},"type":"binary-expr","locations":[{"start":{"line":81,"column":17},"end":{"line":81,"column":41}},{"start":{"line":81,"column":41},"end":{"line":81,"column":82}}],"line":81},"4":{"loc":{"start":{"line":100,"column":4},"end":{"line":102,"column":null}},"type":"if","locations":[{"start":{"line":100,"column":4},"end":{"line":102,"column":null}},{"start":{},"end":{}}],"line":100},"5":{"loc":{"start":{"line":106,"column":4},"end":{"line":109,"column":null}},"type":"if","locations":[{"start":{"line":106,"column":4},"end":{"line":109,"column":null}},{"start":{},"end":{}}],"line":106},"6":{"loc":{"start":{"line":114,"column":28},"end":{"line":114,"column":47}},"type":"binary-expr","locations":[{"start":{"line":114,"column":28},"end":{"line":114,"column":45}},{"start":{"line":114,"column":45},"end":{"line":114,"column":47}}],"line":114},"7":{"loc":{"start":{"line":116,"column":6},"end":{"line":129,"column":null}},"type":"if","locations":[{"start":{"line":116,"column":6},"end":{"line":129,"column":null}},{"start":{"line":122,"column":13},"end":{"line":129,"column":null}}],"line":116},"8":{"loc":{"start":{"line":161,"column":6},"end":{"line":173,"column":null}},"type":"binary-expr","locations":[{"start":{"line":163,"column":8},"end":{"line":163,"column":31}},{"start":{"line":163,"column":31},"end":{"line":163,"column":55}},{"start":{"line":163,"column":55},"end":{"line":163,"column":null}},{"start":{"line":164,"column":8},"end":{"line":173,"column":null}}],"line":161},"9":{"loc":{"start":{"line":214,"column":21},"end":{"line":223,"column":null}},"type":"cond-expr","locations":[{"start":{"line":215,"column":22},"end":{"line":217,"column":null}},{"start":{"line":219,"column":22},"end":{"line":223,"column":null}}],"line":214},"10":{"loc":{"start":{"line":238,"column":21},"end":{"line":247,"column":null}},"type":"cond-expr","locations":[{"start":{"line":239,"column":22},"end":{"line":241,"column":null}},{"start":{"line":243,"column":22},"end":{"line":247,"column":null}}],"line":238},"11":{"loc":{"start":{"line":296,"column":11},"end":{"line":337,"column":null}},"type":"binary-expr","locations":[{"start":{"line":296,"column":11},"end":{"line":296,"column":null}},{"start":{"line":297,"column":12},"end":{"line":337,"column":null}}],"line":296},"12":{"loc":{"start":{"line":302,"column":15},"end":{"line":335,"column":null}},"type":"cond-expr","locations":[{"start":{"line":303,"column":16},"end":{"line":303,"column":null}},{"start":{"line":304,"column":18},"end":{"line":335,"column":null}}],"line":302},"13":{"loc":{"start":{"line":304,"column":18},"end":{"line":335,"column":null}},"type":"cond-expr","locations":[{"start":{"line":305,"column":16},"end":{"line":331,"column":null}},{"start":{"line":333,"column":16},"end":{"line":335,"column":null}}],"line":304}},"s":{"0":12,"1":12,"2":12,"3":12,"4":12,"5":12,"6":12,"7":12,"8":12,"9":12,"10":12,"11":6,"12":6,"13":6,"14":6,"15":6,"16":6,"17":6,"18":6,"19":0,"20":0,"21":0,"22":6,"23":12,"24":6,"25":12,"26":0,"27":0,"28":0,"29":0,"30":0,"31":0,"32":0,"33":0,"34":0,"35":0,"36":0,"37":0,"38":12,"39":0,"40":0,"41":12,"42":0,"43":0,"44":0,"45":12,"46":0,"47":0,"48":0,"49":0,"50":0,"51":0,"52":0,"53":0,"54":0,"55":0,"56":0,"57":0,"58":0,"59":12,"60":0,"61":12,"62":12,"63":2,"64":36,"65":0,"66":6,"67":0,"68":6,"69":0,"70":0,"71":6,"72":0,"73":0},"f":{"0":12,"1":6,"2":6,"3":0,"4":0,"5":0,"6":0,"7":0,"8":2,"9":36,"10":0,"11":6,"12":0,"13":6,"14":0,"15":6,"16":0,"17":0},"b":{"0":[0,0],"1":[0,0],"2":[0,0],"3":[0,0],"4":[0,0],"5":[0,0],"6":[0,0],"7":[0,0],"8":[12,6,6,0],"9":[6,6],"10":[6,6],"11":[12,0],"12":[0,0],"13":[0,0]},"meta":{"lastBranch":14,"lastFunction":18,"lastStatement":74,"seen":{"f:13:16:13:33":0,"s:14:24:14:Infinity":0,"s:15:26:15:Infinity":1,"s:16:26:16:Infinity":2,"s:17:28:17:Infinity":3,"s:18:30:18:Infinity":4,"s:19:30:19:Infinity":5,"s:20:58:20:Infinity":6,"s:21:50:21:Infinity":7,"s:22:46:22:Infinity":8,"s:23:16:23:Infinity":9,"s:25:20:56:Infinity":10,"f:25:20:25:32":1,"s:26:4:55:Infinity":11,"s:27:6:27:Infinity":12,"s:30:37:33:Infinity":13,"s:35:6:35:Infinity":14,"s:36:6:36:Infinity":15,"s:39:6:44:Infinity":16,"s:40:30:40:Infinity":17,"s:41:8:41:Infinity":18,"s:43:8:43:Infinity":19,"s:47:6:47:Infinity":20,"s:48:6:52:Infinity":21,"s:54:6:54:Infinity":22,"s:58:2:60:Infinity":23,"f:58:12:58:18":2,"s:59:4:59:Infinity":24,"s:62:23:91:Infinity":25,"f:62:23:62:30":3,"s:63:4:63:Infinity":26,"s:64:4:90:Infinity":27,"s:65:43:68:Infinity":28,"s:70:6:70:Infinity":29,"s:71:6:74:Infinity":30,"s:75:6:75:Infinity":31,"s:77:25:77:Infinity":32,"b:79:6:83:Infinity:81:6:83:Infinity":0,"s:79:6:83:Infinity":33,"s:80:8:80:Infinity":34,"b:80:23:80:47:80:47:80:Infinity":1,"b:81:6:83:Infinity:undefined:undefined:undefined:undefined":2,"s:81:6:83:Infinity":35,"b:81:17:81:41:81:41:81:82":3,"s:82:8:82:Infinity":36,"s:85:6:89:Infinity":37,"s:93:20:96:Infinity":38,"f:93:20:93:26":4,"s:94:4:94:Infinity":39,"s:95:4:95:Infinity":40,"s:98:29:103:Infinity":41,"f:98:29:98:30":5,"s:99:4:99:Infinity":42,"b:100:4:102:Infinity:undefined:undefined:undefined:undefined":4,"s:100:4:102:Infinity":43,"s:101:6:101:Infinity":44,"s:105:32:133:Infinity":45,"f:105:32:105:39":6,"b:106:4:109:Infinity:undefined:undefined:undefined:undefined":5,"s:106:4:109:Infinity":46,"s:107:6:107:Infinity":47,"s:108:6:108:Infinity":48,"s:111:4:132:Infinity":49,"s:112:6:112:Infinity":50,"s:113:23:113:Infinity":51,"s:114:6:114:Infinity":52,"b:114:28:114:45:114:45:114:47":6,"b:116:6:129:Infinity:122:13:129:Infinity":7,"s:116:6:129:Infinity":53,"s:117:8:117:Infinity":54,"s:118:8:121:Infinity":55,"s:123:8:127:Infinity":56,"s:128:8:128:Infinity":57,"s:131:6:131:Infinity":58,"s:137:21:139:Infinity":59,"f:137:21:137:22":7,"s:138:4:138:Infinity":60,"s:141:16:145:Infinity":61,"s:147:2:341:Infinity":62,"f:155:19:155:25":8,"s:155:25:155:Infinity":63,"b:163:8:163:31:163:31:163:55:163:55:163:Infinity:164:8:173:Infinity":8,"f:177:19:177:20":9,"s:178:10:190:Infinity":64,"f:208:33:208:34":10,"s:208:44:208:Infinity":65,"b:215:22:217:Infinity:219:22:223:Infinity":9,"f:219:33:219:34":11,"s:220:24:222:Infinity":66,"f:232:33:232:34":12,"s:232:44:232:Infinity":67,"b:239:22:241:Infinity:243:22:247:Infinity":10,"f:243:33:243:34":13,"s:244:24:246:Infinity":68,"f:278:29:278:30":14,"s:279:16:279:Infinity":69,"s:280:16:280:Infinity":70,"f:287:28:287:29":15,"s:288:18:290:Infinity":71,"b:296:11:296:Infinity:297:12:337:Infinity":11,"f:299:53:299:58":16,"s:299:58:299:100":72,"b:303:16:303:Infinity:304:18:335:Infinity":12,"b:305:16:331:Infinity:333:16:335:Infinity":13,"f:315:44:315:45":17,"s:316:22:328:Infinity":73}}}
,"C:\\projetos\\gerencimento-cursos-front-2.0\\src\\services\\api.ts": {"path":"C:\\projetos\\gerencimento-cursos-front-2.0\\src\\services\\api.ts","statementMap":{"0":{"start":{"line":4,"column":17},"end":{"line":4,"column":null}},"1":{"start":{"line":5,"column":13},"end":{"line":5,"column":null}},"2":{"start":{"line":7,"column":18},"end":{"line":25,"column":null}},"3":{"start":{"line":9,"column":2},"end":{"line":11,"column":null}},"4":{"start":{"line":10,"column":4},"end":{"line":10,"column":null}},"5":{"start":{"line":14,"column":2},"end":{"line":21,"column":null}},"6":{"start":{"line":16,"column":4},"end":{"line":18,"column":null}},"7":{"start":{"line":17,"column":6},"end":{"line":17,"column":null}},"8":{"start":{"line":20,"column":4},"end":{"line":20,"column":null}},"9":{"start":{"line":24,"column":2},"end":{"line":24,"column":null}},"10":{"start":{"line":27,"column":17},"end":{"line":27,"column":null}},"11":{"start":{"line":29,"column":19},"end":{"line":34,"column":null}}},"fnMap":{"0":{"name":"(anonymous_0)","decl":{"start":{"line":7,"column":18},"end":{"line":7,"column":24}},"loc":{"start":{"line":7,"column":24},"end":{"line":25,"column":null}},"line":7}},"branchMap":{"0":{"loc":{"start":{"line":9,"column":2},"end":{"line":11,"column":null}},"type":"if","locations":[{"start":{"line":9,"column":2},"end":{"line":11,"column":null}},{"start":{},"end":{}}],"line":9},"1":{"loc":{"start":{"line":9,"column":6},"end":{"line":9,"column":51}},"type":"binary-expr","locations":[{"start":{"line":9,"column":6},"end":{"line":9,"column":34}},{"start":{"line":9,"column":34},"end":{"line":9,"column":51}}],"line":9},"2":{"loc":{"start":{"line":14,"column":2},"end":{"line":21,"column":null}},"type":"if","locations":[{"start":{"line":14,"column":2},"end":{"line":21,"column":null}},{"start":{},"end":{}}],"line":14},"3":{"loc":{"start":{"line":14,"column":6},"end":{"line":14,"column":84}},"type":"binary-expr","locations":[{"start":{"line":14,"column":6},"end":{"line":14,"column":34}},{"start":{"line":14,"column":34},"end":{"line":14,"column":62}},{"start":{"line":14,"column":62},"end":{"line":14,"column":84}}],"line":14},"4":{"loc":{"start":{"line":16,"column":4},"end":{"line":18,"column":null}},"type":"if","locations":[{"start":{"line":16,"column":4},"end":{"line":18,"column":null}},{"start":{},"end":{}}],"line":16}},"s":{"0":1,"1":1,"2":1,"3":1,"4":1,"5":0,"6":0,"7":0,"8":0,"9":0,"10":1,"11":1},"f":{"0":1},"b":{"0":[1,0],"1":[1,1],"2":[0,0],"3":[0,0,0],"4":[0,0]},"meta":{"lastBranch":5,"lastFunction":1,"lastStatement":12,"seen":{"s:4:17:4:Infinity":0,"s:5:13:5:Infinity":1,"s:7:18:25:Infinity":2,"f:7:18:7:24":0,"b:9:2:11:Infinity:undefined:undefined:undefined:undefined":0,"s:9:2:11:Infinity":3,"b:9:6:9:34:9:34:9:51":1,"s:10:4:10:Infinity":4,"b:14:2:21:Infinity:undefined:undefined:undefined:undefined":2,"s:14:2:21:Infinity":5,"b:14:6:14:34:14:34:14:62:14:62:14:84":3,"b:16:4:18:Infinity:undefined:undefined:undefined:undefined":4,"s:16:4:18:Infinity":6,"s:17:6:17:Infinity":7,"s:20:4:20:Infinity":8,"s:24:2:24:Infinity":9,"s:27:17:27:Infinity":10,"s:29:19:34:Infinity":11}}}
}
